[1.002s] Invoking command in '/home/acai0804/ys25_ws/src/dontscrewthepooch': PYTHONPATH=/home/acai0804/ys25_ws/build/dontscrewthepooch/prefix_override:/usr/lib/python3/dist-packages/colcon_core/task/python/colcon_distutils_commands:/home/acai0804/ys25_ws/install/dontscrewthepooch/lib/python3.10/site-packages:${PYTHONPATH} /usr/bin/python3 -W ignore:setup.py install is deprecated -W ignore:easy_install command is deprecated setup.py egg_info --egg-base ../../build/dontscrewthepooch build --build-base /home/acai0804/ys25_ws/build/dontscrewthepooch/build install --record /home/acai0804/ys25_ws/build/dontscrewthepooch/install.log --single-version-externally-managed install_data
[1.326s] running egg_info
[1.348s] writing ../../build/dontscrewthepooch/dontscrewthepooch.egg-info/PKG-INFO
[1.348s] writing dependency_links to ../../build/dontscrewthepooch/dontscrewthepooch.egg-info/dependency_links.txt
[1.348s] writing entry points to ../../build/dontscrewthepooch/dontscrewthepooch.egg-info/entry_points.txt
[1.348s] writing requirements to ../../build/dontscrewthepooch/dontscrewthepooch.egg-info/requires.txt
[1.348s] writing top-level names to ../../build/dontscrewthepooch/dontscrewthepooch.egg-info/top_level.txt
[1.392s] reading manifest file '../../build/dontscrewthepooch/dontscrewthepooch.egg-info/SOURCES.txt'
[1.393s] writing manifest file '../../build/dontscrewthepooch/dontscrewthepooch.egg-info/SOURCES.txt'
[1.393s] running build
[1.393s] running build_py
[1.394s] running install
[1.400s] running install_lib
[1.426s] running install_data
[1.427s] running install_egg_info
[1.450s] removing '/home/acai0804/ys25_ws/install/dontscrewthepooch/lib/python3.10/site-packages/dontscrewthepooch-0.0.0-py3.10.egg-info' (and everything under it)
[1.451s] Copying ../../build/dontscrewthepooch/dontscrewthepooch.egg-info to /home/acai0804/ys25_ws/install/dontscrewthepooch/lib/python3.10/site-packages/dontscrewthepooch-0.0.0-py3.10.egg-info
[1.454s] running install_scripts
[1.673s] Installing command_give script to /home/acai0804/ys25_ws/install/dontscrewthepooch/lib/dontscrewthepooch
[1.674s] Installing goal_pose_to_traj_setpoint script to /home/acai0804/ys25_ws/install/dontscrewthepooch/lib/dontscrewthepooch
[1.674s] Installing tf2_map_to_odom script to /home/acai0804/ys25_ws/install/dontscrewthepooch/lib/dontscrewthepooch
[1.674s] writing list of installed files to '/home/acai0804/ys25_ws/build/dontscrewthepooch/install.log'
[1.714s] Invoked command in '/home/acai0804/ys25_ws/src/dontscrewthepooch' returned '0': PYTHONPATH=/home/acai0804/ys25_ws/build/dontscrewthepooch/prefix_override:/usr/lib/python3/dist-packages/colcon_core/task/python/colcon_distutils_commands:/home/acai0804/ys25_ws/install/dontscrewthepooch/lib/python3.10/site-packages:${PYTHONPATH} /usr/bin/python3 -W ignore:setup.py install is deprecated -W ignore:easy_install command is deprecated setup.py egg_info --egg-base ../../build/dontscrewthepooch build --build-base /home/acai0804/ys25_ws/build/dontscrewthepooch/build install --record /home/acai0804/ys25_ws/build/dontscrewthepooch/install.log --single-version-externally-managed install_data
