[2.418s] Invoking command in '/home/acai0804/ys25_ws/src/mission_control': AMENT_PREFIX_PATH=/home/acai0804/ys25_ws/install/dontscrewthepooch:/home/acai0804/ys25_ws/install/mission_control:/home/acai0804/ys25_ws/install/px4_msgs:/opt/ros/humble PYTHONPATH=/home/acai0804/ys25_ws/build/mission_control/prefix_override:/usr/lib/python3/dist-packages/colcon_core/task/python/colcon_distutils_commands:/home/acai0804/ys25_ws/install/mission_control/lib/python3.10/site-packages:/home/acai0804/ys25_ws/install/dontscrewthepooch/lib/python3.10/site-packages:/home/acai0804/ys25_ws/install/mission_control/lib/python3.10/site-packages:/home/acai0804/ys25_ws/install/px4_msgs/local/lib/python3.10/dist-packages:/opt/ros/humble/lib/python3.10/site-packages:/opt/ros/humble/local/lib/python3.10/dist-packages /usr/bin/python3 -W ignore:setup.py install is deprecated -W ignore:easy_install command is deprecated setup.py egg_info --egg-base ../../build/mission_control build --build-base /home/acai0804/ys25_ws/build/mission_control/build install --record /home/acai0804/ys25_ws/build/mission_control/install.log --single-version-externally-managed install_data
[3.232s] running egg_info
[3.292s] writing ../../build/mission_control/mission_control.egg-info/PKG-INFO
[3.293s] writing dependency_links to ../../build/mission_control/mission_control.egg-info/dependency_links.txt
[3.293s] writing entry points to ../../build/mission_control/mission_control.egg-info/entry_points.txt
[3.294s] writing requirements to ../../build/mission_control/mission_control.egg-info/requires.txt
[3.294s] writing top-level names to ../../build/mission_control/mission_control.egg-info/top_level.txt
[3.418s] reading manifest file '../../build/mission_control/mission_control.egg-info/SOURCES.txt'
[3.418s] adding license file 'LICENSE'
[3.421s] writing manifest file '../../build/mission_control/mission_control.egg-info/SOURCES.txt'
[3.421s] running build
[3.422s] running build_py
[3.422s] copying mission_control/mission1.py -> /home/acai0804/ys25_ws/build/mission_control/build/lib/mission_control
[3.424s] running install
[3.441s] running install_lib
[3.499s] copying /home/acai0804/ys25_ws/build/mission_control/build/lib/mission_control/mission1.py -> /home/acai0804/ys25_ws/install/mission_control/lib/python3.10/site-packages/mission_control
[3.502s] byte-compiling /home/acai0804/ys25_ws/install/mission_control/lib/python3.10/site-packages/mission_control/mission1.py to mission1.cpython-310.pyc
[3.506s] running install_data
[3.507s] running install_egg_info
[3.567s] removing '/home/acai0804/ys25_ws/install/mission_control/lib/python3.10/site-packages/mission_control-0.0.0-py3.10.egg-info' (and everything under it)
[3.568s] Copying ../../build/mission_control/mission_control.egg-info to /home/acai0804/ys25_ws/install/mission_control/lib/python3.10/site-packages/mission_control-0.0.0-py3.10.egg-info
[3.570s] running install_scripts
[4.163s] Installing InitialCommands script to /home/acai0804/ys25_ws/install/mission_control/lib/mission_control
[4.164s] Installing mission1 script to /home/acai0804/ys25_ws/install/mission_control/lib/mission_control
[4.164s] Installing offboard_start script to /home/acai0804/ys25_ws/install/mission_control/lib/mission_control
[4.164s] Installing visualizer script to /home/acai0804/ys25_ws/install/mission_control/lib/mission_control
[4.165s] writing list of installed files to '/home/acai0804/ys25_ws/build/mission_control/install.log'
[4.242s] Invoked command in '/home/acai0804/ys25_ws/src/mission_control' returned '0': AMENT_PREFIX_PATH=/home/acai0804/ys25_ws/install/dontscrewthepooch:/home/acai0804/ys25_ws/install/mission_control:/home/acai0804/ys25_ws/install/px4_msgs:/opt/ros/humble PYTHONPATH=/home/acai0804/ys25_ws/build/mission_control/prefix_override:/usr/lib/python3/dist-packages/colcon_core/task/python/colcon_distutils_commands:/home/acai0804/ys25_ws/install/mission_control/lib/python3.10/site-packages:/home/acai0804/ys25_ws/install/dontscrewthepooch/lib/python3.10/site-packages:/home/acai0804/ys25_ws/install/mission_control/lib/python3.10/site-packages:/home/acai0804/ys25_ws/install/px4_msgs/local/lib/python3.10/dist-packages:/opt/ros/humble/lib/python3.10/site-packages:/opt/ros/humble/local/lib/python3.10/dist-packages /usr/bin/python3 -W ignore:setup.py install is deprecated -W ignore:easy_install command is deprecated setup.py egg_info --egg-base ../../build/mission_control build --build-base /home/acai0804/ys25_ws/build/mission_control/build install --record /home/acai0804/ys25_ws/build/mission_control/install.log --single-version-externally-managed install_data
