[4.588s] Invoking command in '/home/acai0804/ys25_ws/src/dontscrewthepooch': AMENT_PREFIX_PATH=/home/acai0804/ys25_ws/install/px4_msgs CMAKE_PREFIX_PATH=/home/acai0804/ys25_ws/install/px4_msgs LD_LIBRARY_PATH=/home/acai0804/ys25_ws/install/px4_msgs/lib PYTHONPATH=/home/acai0804/ys25_ws/build/dontscrewthepooch/prefix_override:/usr/lib/python3/dist-packages/colcon_core/task/python/colcon_distutils_commands:/home/acai0804/ys25_ws/install/dontscrewthepooch/lib/python3.10/site-packages:/home/acai0804/ys25_ws/install/px4_msgs/local/lib/python3.10/dist-packages /usr/bin/python3 -W ignore:setup.py install is deprecated -W ignore:easy_install command is deprecated setup.py egg_info --egg-base ../../build/dontscrewthepooch build --build-base /home/acai0804/ys25_ws/build/dontscrewthepooch/build install --record /home/acai0804/ys25_ws/build/dontscrewthepooch/install.log --single-version-externally-managed install_data
[6.267s] running egg_info
[6.360s] writing ../../build/dontscrewthepooch/dontscrewthepooch.egg-info/PKG-INFO
[6.361s] writing dependency_links to ../../build/dontscrewthepooch/dontscrewthepooch.egg-info/dependency_links.txt
[6.363s] writing entry points to ../../build/dontscrewthepooch/dontscrewthepooch.egg-info/entry_points.txt
[6.364s] writing requirements to ../../build/dontscrewthepooch/dontscrewthepooch.egg-info/requires.txt
[6.365s] writing top-level names to ../../build/dontscrewthepooch/dontscrewthepooch.egg-info/top_level.txt
[6.566s] reading manifest file '../../build/dontscrewthepooch/dontscrewthepooch.egg-info/SOURCES.txt'
[6.576s] writing manifest file '../../build/dontscrewthepooch/dontscrewthepooch.egg-info/SOURCES.txt'
[6.576s] running build
[6.577s] running build_py
[6.580s] running install
[6.628s] running install_lib
[6.745s] running install_data
[6.746s] running install_egg_info
[6.853s] removing '/home/acai0804/ys25_ws/install/dontscrewthepooch/lib/python3.10/site-packages/dontscrewthepooch-0.0.0-py3.10.egg-info' (and everything under it)
[6.854s] Copying ../../build/dontscrewthepooch/dontscrewthepooch.egg-info to /home/acai0804/ys25_ws/install/dontscrewthepooch/lib/python3.10/site-packages/dontscrewthepooch-0.0.0-py3.10.egg-info
[6.860s] running install_scripts
[7.935s] Installing command_give script to /home/acai0804/ys25_ws/install/dontscrewthepooch/lib/dontscrewthepooch
[7.936s] Installing goal_pose_to_traj_setpoint script to /home/acai0804/ys25_ws/install/dontscrewthepooch/lib/dontscrewthepooch
[7.937s] Installing tf2_map_to_odom script to /home/acai0804/ys25_ws/install/dontscrewthepooch/lib/dontscrewthepooch
[7.940s] writing list of installed files to '/home/acai0804/ys25_ws/build/dontscrewthepooch/install.log'
[8.108s] Invoked command in '/home/acai0804/ys25_ws/src/dontscrewthepooch' returned '0': AMENT_PREFIX_PATH=/home/acai0804/ys25_ws/install/px4_msgs CMAKE_PREFIX_PATH=/home/acai0804/ys25_ws/install/px4_msgs LD_LIBRARY_PATH=/home/acai0804/ys25_ws/install/px4_msgs/lib PYTHONPATH=/home/acai0804/ys25_ws/build/dontscrewthepooch/prefix_override:/usr/lib/python3/dist-packages/colcon_core/task/python/colcon_distutils_commands:/home/acai0804/ys25_ws/install/dontscrewthepooch/lib/python3.10/site-packages:/home/acai0804/ys25_ws/install/px4_msgs/local/lib/python3.10/dist-packages /usr/bin/python3 -W ignore:setup.py install is deprecated -W ignore:easy_install command is deprecated setup.py egg_info --egg-base ../../build/dontscrewthepooch build --build-base /home/acai0804/ys25_ws/build/dontscrewthepooch/build install --record /home/acai0804/ys25_ws/build/dontscrewthepooch/install.log --single-version-externally-managed install_data
