[2.273s] Invoking command in '/home/acai0804/ys25_ws/src/mission_control': AMENT_PREFIX_PATH=/home/acai0804/ys25_ws/install/dontscrewthepooch:/opt/ros/humble:/home/acai0804/ys25_ws/install/mission_control:/home/acai0804/ys25_ws/install/px4_msgs LD_LIBRARY_PATH=/home/acai0804/ys25_ws/install/px4_msgs/lib:/opt/ros/humble/opt/rviz_ogre_vendor/lib:/opt/ros/humble/lib/x86_64-linux-gnu:/opt/ros/humble/lib PYTHONPATH=/home/acai0804/ys25_ws/build/mission_control/prefix_override:/usr/lib/python3/dist-packages/colcon_core/task/python/colcon_distutils_commands:/home/acai0804/ys25_ws/install/mission_control/lib/python3.10/site-packages:/home/acai0804/ys25_ws/install/dontscrewthepooch/lib/python3.10/site-packages:/opt/ros/humble/lib/python3.10/site-packages:/opt/ros/humble/local/lib/python3.10/dist-packages:/home/acai0804/ys25_ws/install/mission_control/lib/python3.10/site-packages:/home/acai0804/ys25_ws/install/px4_msgs/local/lib/python3.10/dist-packages /usr/bin/python3 -W ignore:setup.py install is deprecated -W ignore:easy_install command is deprecated setup.py egg_info --egg-base ../../build/mission_control build --build-base /home/acai0804/ys25_ws/build/mission_control/build install --record /home/acai0804/ys25_ws/build/mission_control/install.log --single-version-externally-managed install_data
[2.975s] running egg_info
[3.019s] writing ../../build/mission_control/mission_control.egg-info/PKG-INFO
[3.022s] writing dependency_links to ../../build/mission_control/mission_control.egg-info/dependency_links.txt
[3.024s] writing entry points to ../../build/mission_control/mission_control.egg-info/entry_points.txt
[3.024s] writing requirements to ../../build/mission_control/mission_control.egg-info/requires.txt
[3.025s] writing top-level names to ../../build/mission_control/mission_control.egg-info/top_level.txt
[3.126s] reading manifest file '../../build/mission_control/mission_control.egg-info/SOURCES.txt'
[3.133s] adding license file 'LICENSE'
[3.135s] writing manifest file '../../build/mission_control/mission_control.egg-info/SOURCES.txt'
[3.136s] running build
[3.136s] running build_py
[3.138s] running install
[3.155s] running install_lib
[3.210s] running install_data
[3.210s] running install_egg_info
[3.267s] removing '/home/acai0804/ys25_ws/install/mission_control/lib/python3.10/site-packages/mission_control-0.0.0-py3.10.egg-info' (and everything under it)
[3.268s] Copying ../../build/mission_control/mission_control.egg-info to /home/acai0804/ys25_ws/install/mission_control/lib/python3.10/site-packages/mission_control-0.0.0-py3.10.egg-info
[3.279s] running install_scripts
[3.889s] Installing InitialCommands script to /home/acai0804/ys25_ws/install/mission_control/lib/mission_control
[3.889s] Installing mission1 script to /home/acai0804/ys25_ws/install/mission_control/lib/mission_control
[3.890s] Installing offboard_start script to /home/acai0804/ys25_ws/install/mission_control/lib/mission_control
[3.890s] Installing visualizer script to /home/acai0804/ys25_ws/install/mission_control/lib/mission_control
[3.891s] writing list of installed files to '/home/acai0804/ys25_ws/build/mission_control/install.log'
[3.972s] Invoked command in '/home/acai0804/ys25_ws/src/mission_control' returned '0': AMENT_PREFIX_PATH=/home/acai0804/ys25_ws/install/dontscrewthepooch:/opt/ros/humble:/home/acai0804/ys25_ws/install/mission_control:/home/acai0804/ys25_ws/install/px4_msgs LD_LIBRARY_PATH=/home/acai0804/ys25_ws/install/px4_msgs/lib:/opt/ros/humble/opt/rviz_ogre_vendor/lib:/opt/ros/humble/lib/x86_64-linux-gnu:/opt/ros/humble/lib PYTHONPATH=/home/acai0804/ys25_ws/build/mission_control/prefix_override:/usr/lib/python3/dist-packages/colcon_core/task/python/colcon_distutils_commands:/home/acai0804/ys25_ws/install/mission_control/lib/python3.10/site-packages:/home/acai0804/ys25_ws/install/dontscrewthepooch/lib/python3.10/site-packages:/opt/ros/humble/lib/python3.10/site-packages:/opt/ros/humble/local/lib/python3.10/dist-packages:/home/acai0804/ys25_ws/install/mission_control/lib/python3.10/site-packages:/home/acai0804/ys25_ws/install/px4_msgs/local/lib/python3.10/dist-packages /usr/bin/python3 -W ignore:setup.py install is deprecated -W ignore:easy_install command is deprecated setup.py egg_info --egg-base ../../build/mission_control build --build-base /home/acai0804/ys25_ws/build/mission_control/build install --record /home/acai0804/ys25_ws/build/mission_control/install.log --single-version-externally-managed install_data
