[0.807s] Invoking command in '/home/acai0804/ys25_ws/src/dontscrewthepooch': PYTHONPATH=/home/acai0804/ys25_ws/build/dontscrewthepooch/prefix_override:/usr/lib/python3/dist-packages/colcon_core/task/python/colcon_distutils_commands:/home/acai0804/ys25_ws/install/dontscrewthepooch/lib/python3.10/site-packages:${PYTHONPATH} /usr/bin/python3 -W ignore:setup.py install is deprecated -W ignore:easy_install command is deprecated setup.py egg_info --egg-base ../../build/dontscrewthepooch build --build-base /home/acai0804/ys25_ws/build/dontscrewthepooch/build install --record /home/acai0804/ys25_ws/build/dontscrewthepooch/install.log --single-version-externally-managed install_data
[1.060s] running egg_info
[1.060s] creating ../../build/dontscrewthepooch/dontscrewthepooch.egg-info
[1.078s] writing ../../build/dontscrewthepooch/dontscrewthepooch.egg-info/PKG-INFO
[1.078s] writing dependency_links to ../../build/dontscrewthepooch/dontscrewthepooch.egg-info/dependency_links.txt
[1.078s] writing entry points to ../../build/dontscrewthepooch/dontscrewthepooch.egg-info/entry_points.txt
[1.078s] writing requirements to ../../build/dontscrewthepooch/dontscrewthepooch.egg-info/requires.txt
[1.078s] writing top-level names to ../../build/dontscrewthepooch/dontscrewthepooch.egg-info/top_level.txt
[1.079s] writing manifest file '../../build/dontscrewthepooch/dontscrewthepooch.egg-info/SOURCES.txt'
[1.117s] reading manifest file '../../build/dontscrewthepooch/dontscrewthepooch.egg-info/SOURCES.txt'
[1.118s] writing manifest file '../../build/dontscrewthepooch/dontscrewthepooch.egg-info/SOURCES.txt'
[1.118s] running build
[1.118s] running build_py
[1.118s] creating /home/acai0804/ys25_ws/build/dontscrewthepooch/build
[1.118s] creating /home/acai0804/ys25_ws/build/dontscrewthepooch/build/lib
[1.118s] creating /home/acai0804/ys25_ws/build/dontscrewthepooch/build/lib/dontscrewthepooch
[1.118s] copying dontscrewthepooch/__init__.py -> /home/acai0804/ys25_ws/build/dontscrewthepooch/build/lib/dontscrewthepooch
[1.118s] copying dontscrewthepooch/goal_pose_to_traj_setpoint.py -> /home/acai0804/ys25_ws/build/dontscrewthepooch/build/lib/dontscrewthepooch
[1.118s] copying dontscrewthepooch/command_give.py -> /home/acai0804/ys25_ws/build/dontscrewthepooch/build/lib/dontscrewthepooch
[1.119s] copying dontscrewthepooch/tf2_map_to_odom.py -> /home/acai0804/ys25_ws/build/dontscrewthepooch/build/lib/dontscrewthepooch
[1.119s] running install
[1.124s] running install_lib
[1.143s] creating /home/acai0804/ys25_ws/install/dontscrewthepooch/lib/python3.10/site-packages/dontscrewthepooch
[1.143s] copying /home/acai0804/ys25_ws/build/dontscrewthepooch/build/lib/dontscrewthepooch/__init__.py -> /home/acai0804/ys25_ws/install/dontscrewthepooch/lib/python3.10/site-packages/dontscrewthepooch
[1.143s] copying /home/acai0804/ys25_ws/build/dontscrewthepooch/build/lib/dontscrewthepooch/goal_pose_to_traj_setpoint.py -> /home/acai0804/ys25_ws/install/dontscrewthepooch/lib/python3.10/site-packages/dontscrewthepooch
[1.143s] copying /home/acai0804/ys25_ws/build/dontscrewthepooch/build/lib/dontscrewthepooch/command_give.py -> /home/acai0804/ys25_ws/install/dontscrewthepooch/lib/python3.10/site-packages/dontscrewthepooch
[1.143s] copying /home/acai0804/ys25_ws/build/dontscrewthepooch/build/lib/dontscrewthepooch/tf2_map_to_odom.py -> /home/acai0804/ys25_ws/install/dontscrewthepooch/lib/python3.10/site-packages/dontscrewthepooch
[1.144s] byte-compiling /home/acai0804/ys25_ws/install/dontscrewthepooch/lib/python3.10/site-packages/dontscrewthepooch/__init__.py to __init__.cpython-310.pyc
[1.144s] byte-compiling /home/acai0804/ys25_ws/install/dontscrewthepooch/lib/python3.10/site-packages/dontscrewthepooch/goal_pose_to_traj_setpoint.py to goal_pose_to_traj_setpoint.cpython-310.pyc
[1.145s] byte-compiling /home/acai0804/ys25_ws/install/dontscrewthepooch/lib/python3.10/site-packages/dontscrewthepooch/command_give.py to command_give.cpython-310.pyc
[1.145s] byte-compiling /home/acai0804/ys25_ws/install/dontscrewthepooch/lib/python3.10/site-packages/dontscrewthepooch/tf2_map_to_odom.py to tf2_map_to_odom.cpython-310.pyc
[1.146s] running install_data
[1.146s] creating /home/acai0804/ys25_ws/install/dontscrewthepooch/share/ament_index
[1.146s] creating /home/acai0804/ys25_ws/install/dontscrewthepooch/share/ament_index/resource_index
[1.146s] creating /home/acai0804/ys25_ws/install/dontscrewthepooch/share/ament_index/resource_index/packages
[1.146s] copying resource/dontscrewthepooch -> /home/acai0804/ys25_ws/install/dontscrewthepooch/share/ament_index/resource_index/packages
[1.146s] copying package.xml -> /home/acai0804/ys25_ws/install/dontscrewthepooch/share/dontscrewthepooch
[1.146s] copying launch/dontscrewthepooch.launch.py -> /home/acai0804/ys25_ws/install/dontscrewthepooch/share/dontscrewthepooch
[1.147s] creating /home/acai0804/ys25_ws/install/dontscrewthepooch/share/dontscrewthepooch/config
[1.147s] copying config/nav2_params_no_map.yaml -> /home/acai0804/ys25_ws/install/dontscrewthepooch/share/dontscrewthepooch/config
[1.147s] running install_egg_info
[1.166s] Copying ../../build/dontscrewthepooch/dontscrewthepooch.egg-info to /home/acai0804/ys25_ws/install/dontscrewthepooch/lib/python3.10/site-packages/dontscrewthepooch-0.0.0-py3.10.egg-info
[1.167s] running install_scripts
[1.345s] Installing command_give script to /home/acai0804/ys25_ws/install/dontscrewthepooch/lib/dontscrewthepooch
[1.345s] Installing goal_pose_to_traj_setpoint script to /home/acai0804/ys25_ws/install/dontscrewthepooch/lib/dontscrewthepooch
[1.345s] Installing tf2_map_to_odom script to /home/acai0804/ys25_ws/install/dontscrewthepooch/lib/dontscrewthepooch
[1.345s] writing list of installed files to '/home/acai0804/ys25_ws/build/dontscrewthepooch/install.log'
[1.370s] Invoked command in '/home/acai0804/ys25_ws/src/dontscrewthepooch' returned '0': PYTHONPATH=/home/acai0804/ys25_ws/build/dontscrewthepooch/prefix_override:/usr/lib/python3/dist-packages/colcon_core/task/python/colcon_distutils_commands:/home/acai0804/ys25_ws/install/dontscrewthepooch/lib/python3.10/site-packages:${PYTHONPATH} /usr/bin/python3 -W ignore:setup.py install is deprecated -W ignore:easy_install command is deprecated setup.py egg_info --egg-base ../../build/dontscrewthepooch build --build-base /home/acai0804/ys25_ws/build/dontscrewthepooch/build install --record /home/acai0804/ys25_ws/build/dontscrewthepooch/install.log --single-version-externally-managed install_data
