[0.112s] DEBUG:colcon:Command line arguments: ['/usr/bin/colcon', 'build']
[0.112s] DEBUG:colcon:Parsed command line arguments: Namespace(log_base=None, log_level=None, verb_name='build', build_base='build', install_base='install', merge_install=False, symlink_install=False, test_result_base=None, continue_on_error=False, executor='parallel', parallel_workers=8, event_handlers=None, ignore_user_meta=False, metas=['./colcon.meta'], base_paths=['.'], packages_ignore=None, packages_ignore_regex=None, paths=None, packages_up_to=None, packages_up_to_regex=None, packages_above=None, packages_above_and_dependencies=None, packages_above_depth=None, packages_select_by_dep=None, packages_skip_by_dep=None, packages_skip_up_to=None, packages_select_build_failed=False, packages_skip_build_finished=False, packages_select_test_failures=False, packages_skip_test_passed=False, packages_select=None, packages_skip=None, packages_select_regex=None, packages_skip_regex=None, packages_start=None, packages_end=None, allow_overriding=[], cmake_args=None, cmake_target=None, cmake_target_skip_unavailable=False, cmake_clean_cache=False, cmake_clean_first=False, cmake_force_configure=False, ament_cmake_args=None, catkin_cmake_args=None, catkin_skip_building_tests=False, mixin_files=None, mixin=None, verb_parser=<colcon_mixin.mixin.mixin_argument.MixinArgumentDecorator object at 0x77c58bb6f880>, verb_extension=<colcon_core.verb.build.BuildVerb object at 0x77c58bb2c070>, main=<bound method BuildVerb.main of <colcon_core.verb.build.BuildVerb object at 0x77c58bb2c070>>, mixin_verb=('build',))
[0.147s] Level 1:colcon.colcon_core.package_discovery:discover_packages(colcon_meta) check parameters
[0.147s] Level 1:colcon.colcon_core.package_discovery:discover_packages(recursive) check parameters
[0.148s] Level 1:colcon.colcon_core.package_discovery:discover_packages(ignore) check parameters
[0.148s] Level 1:colcon.colcon_core.package_discovery:discover_packages(path) check parameters
[0.148s] Level 1:colcon.colcon_core.package_discovery:discover_packages(colcon_meta) discover
[0.148s] Level 1:colcon.colcon_core.package_discovery:discover_packages(recursive) discover
[0.148s] INFO:colcon.colcon_core.package_discovery:Crawling recursively for packages in '/home/acai0804/ys25_ws'
[0.148s] Level 1:colcon.colcon_core.package_identification:_identify(.) by extensions ['ignore', 'ignore_ament_install']
[0.148s] Level 1:colcon.colcon_core.package_identification:_identify(.) by extension 'ignore'
[0.148s] Level 1:colcon.colcon_core.package_identification:_identify(.) by extension 'ignore_ament_install'
[0.148s] Level 1:colcon.colcon_core.package_identification:_identify(.) by extensions ['colcon_pkg']
[0.148s] Level 1:colcon.colcon_core.package_identification:_identify(.) by extension 'colcon_pkg'
[0.148s] Level 1:colcon.colcon_core.package_identification:_identify(.) by extensions ['colcon_meta']
[0.148s] Level 1:colcon.colcon_core.package_identification:_identify(.) by extension 'colcon_meta'
[0.148s] Level 1:colcon.colcon_core.package_identification:_identify(.) by extensions ['ros']
[0.148s] Level 1:colcon.colcon_core.package_identification:_identify(.) by extension 'ros'
[0.163s] Level 1:colcon.colcon_core.package_identification:_identify(.) by extensions ['cmake', 'python']
[0.163s] Level 1:colcon.colcon_core.package_identification:_identify(.) by extension 'cmake'
[0.163s] Level 1:colcon.colcon_core.package_identification:_identify(.) by extension 'python'
[0.163s] Level 1:colcon.colcon_core.package_identification:_identify(.) by extensions ['python_setup_py']
[0.163s] Level 1:colcon.colcon_core.package_identification:_identify(.) by extension 'python_setup_py'
[0.163s] Level 1:colcon.colcon_core.package_identification:_identify(build) by extensions ['ignore', 'ignore_ament_install']
[0.163s] Level 1:colcon.colcon_core.package_identification:_identify(build) by extension 'ignore'
[0.163s] Level 1:colcon.colcon_core.package_identification:_identify(build) ignored
[0.163s] Level 1:colcon.colcon_core.package_identification:_identify(install) by extensions ['ignore', 'ignore_ament_install']
[0.163s] Level 1:colcon.colcon_core.package_identification:_identify(install) by extension 'ignore'
[0.163s] Level 1:colcon.colcon_core.package_identification:_identify(install) ignored
[0.163s] Level 1:colcon.colcon_core.package_identification:_identify(log) by extensions ['ignore', 'ignore_ament_install']
[0.163s] Level 1:colcon.colcon_core.package_identification:_identify(log) by extension 'ignore'
[0.164s] Level 1:colcon.colcon_core.package_identification:_identify(log) ignored
[0.164s] Level 1:colcon.colcon_core.package_identification:_identify(src) by extensions ['ignore', 'ignore_ament_install']
[0.164s] Level 1:colcon.colcon_core.package_identification:_identify(src) by extension 'ignore'
[0.164s] Level 1:colcon.colcon_core.package_identification:_identify(src) by extension 'ignore_ament_install'
[0.164s] Level 1:colcon.colcon_core.package_identification:_identify(src) by extensions ['colcon_pkg']
[0.164s] Level 1:colcon.colcon_core.package_identification:_identify(src) by extension 'colcon_pkg'
[0.164s] Level 1:colcon.colcon_core.package_identification:_identify(src) by extensions ['colcon_meta']
[0.164s] Level 1:colcon.colcon_core.package_identification:_identify(src) by extension 'colcon_meta'
[0.164s] Level 1:colcon.colcon_core.package_identification:_identify(src) by extensions ['ros']
[0.164s] Level 1:colcon.colcon_core.package_identification:_identify(src) by extension 'ros'
[0.164s] Level 1:colcon.colcon_core.package_identification:_identify(src) by extensions ['cmake', 'python']
[0.164s] Level 1:colcon.colcon_core.package_identification:_identify(src) by extension 'cmake'
[0.164s] Level 1:colcon.colcon_core.package_identification:_identify(src) by extension 'python'
[0.164s] Level 1:colcon.colcon_core.package_identification:_identify(src) by extensions ['python_setup_py']
[0.164s] Level 1:colcon.colcon_core.package_identification:_identify(src) by extension 'python_setup_py'
[0.164s] Level 1:colcon.colcon_core.package_identification:_identify(src/dontscrewthepooch) by extensions ['ignore', 'ignore_ament_install']
[0.164s] Level 1:colcon.colcon_core.package_identification:_identify(src/dontscrewthepooch) by extension 'ignore'
[0.164s] Level 1:colcon.colcon_core.package_identification:_identify(src/dontscrewthepooch) by extension 'ignore_ament_install'
[0.164s] Level 1:colcon.colcon_core.package_identification:_identify(src/dontscrewthepooch) by extensions ['colcon_pkg']
[0.164s] Level 1:colcon.colcon_core.package_identification:_identify(src/dontscrewthepooch) by extension 'colcon_pkg'
[0.164s] Level 1:colcon.colcon_core.package_identification:_identify(src/dontscrewthepooch) by extensions ['colcon_meta']
[0.164s] Level 1:colcon.colcon_core.package_identification:_identify(src/dontscrewthepooch) by extension 'colcon_meta'
[0.165s] Level 1:colcon.colcon_core.package_identification:_identify(src/dontscrewthepooch) by extensions ['ros']
[0.165s] Level 1:colcon.colcon_core.package_identification:_identify(src/dontscrewthepooch) by extension 'ros'
[0.167s] DEBUG:colcon.colcon_core.package_identification:Package 'src/dontscrewthepooch' with type 'ros.ament_python' and name 'dontscrewthepooch'
[0.167s] Level 1:colcon.colcon_core.package_identification:_identify(src/mission_control) by extensions ['ignore', 'ignore_ament_install']
[0.167s] Level 1:colcon.colcon_core.package_identification:_identify(src/mission_control) by extension 'ignore'
[0.167s] Level 1:colcon.colcon_core.package_identification:_identify(src/mission_control) by extension 'ignore_ament_install'
[0.167s] Level 1:colcon.colcon_core.package_identification:_identify(src/mission_control) by extensions ['colcon_pkg']
[0.167s] Level 1:colcon.colcon_core.package_identification:_identify(src/mission_control) by extension 'colcon_pkg'
[0.167s] Level 1:colcon.colcon_core.package_identification:_identify(src/mission_control) by extensions ['colcon_meta']
[0.167s] Level 1:colcon.colcon_core.package_identification:_identify(src/mission_control) by extension 'colcon_meta'
[0.167s] Level 1:colcon.colcon_core.package_identification:_identify(src/mission_control) by extensions ['ros']
[0.167s] Level 1:colcon.colcon_core.package_identification:_identify(src/mission_control) by extension 'ros'
[0.168s] DEBUG:colcon.colcon_core.package_identification:Package 'src/mission_control' with type 'ros.ament_python' and name 'mission_control'
[0.168s] Level 1:colcon.colcon_core.package_identification:_identify(src/px4_msgs) by extensions ['ignore', 'ignore_ament_install']
[0.168s] Level 1:colcon.colcon_core.package_identification:_identify(src/px4_msgs) by extension 'ignore'
[0.168s] Level 1:colcon.colcon_core.package_identification:_identify(src/px4_msgs) by extension 'ignore_ament_install'
[0.168s] Level 1:colcon.colcon_core.package_identification:_identify(src/px4_msgs) by extensions ['colcon_pkg']
[0.168s] Level 1:colcon.colcon_core.package_identification:_identify(src/px4_msgs) by extension 'colcon_pkg'
[0.168s] Level 1:colcon.colcon_core.package_identification:_identify(src/px4_msgs) by extensions ['colcon_meta']
[0.168s] Level 1:colcon.colcon_core.package_identification:_identify(src/px4_msgs) by extension 'colcon_meta'
[0.168s] Level 1:colcon.colcon_core.package_identification:_identify(src/px4_msgs) by extensions ['ros']
[0.168s] Level 1:colcon.colcon_core.package_identification:_identify(src/px4_msgs) by extension 'ros'
[0.169s] DEBUG:colcon.colcon_core.package_identification:Package 'src/px4_msgs' with type 'ros.ament_cmake' and name 'px4_msgs'
[0.169s] Level 1:colcon.colcon_core.package_discovery:discover_packages(recursive) using defaults
[0.169s] Level 1:colcon.colcon_core.package_discovery:discover_packages(ignore) discover
[0.169s] Level 1:colcon.colcon_core.package_discovery:discover_packages(ignore) using defaults
[0.169s] Level 1:colcon.colcon_core.package_discovery:discover_packages(path) discover
[0.169s] Level 1:colcon.colcon_core.package_discovery:discover_packages(path) using defaults
[0.189s] Level 1:colcon.colcon_core.package_discovery:discover_packages(prefix_path) check parameters
[0.189s] Level 1:colcon.colcon_core.package_discovery:discover_packages(prefix_path) discover
[0.191s] DEBUG:colcon.colcon_installed_package_information.package_discovery:Found 3 installed packages in /home/acai0804/ys25_ws/install
[0.192s] DEBUG:colcon.colcon_installed_package_information.package_discovery:Found 338 installed packages in /opt/ros/humble
[0.194s] Level 1:colcon.colcon_core.package_discovery:discover_packages(prefix_path) using defaults
[0.237s] Level 5:colcon.colcon_core.verb:set package 'px4_msgs' build argument 'cmake_args' from command line to 'None'
[0.237s] Level 5:colcon.colcon_core.verb:set package 'px4_msgs' build argument 'cmake_target' from command line to 'None'
[0.237s] Level 5:colcon.colcon_core.verb:set package 'px4_msgs' build argument 'cmake_target_skip_unavailable' from command line to 'False'
[0.237s] Level 5:colcon.colcon_core.verb:set package 'px4_msgs' build argument 'cmake_clean_cache' from command line to 'False'
[0.237s] Level 5:colcon.colcon_core.verb:set package 'px4_msgs' build argument 'cmake_clean_first' from command line to 'False'
[0.237s] Level 5:colcon.colcon_core.verb:set package 'px4_msgs' build argument 'cmake_force_configure' from command line to 'False'
[0.237s] Level 5:colcon.colcon_core.verb:set package 'px4_msgs' build argument 'ament_cmake_args' from command line to 'None'
[0.237s] Level 5:colcon.colcon_core.verb:set package 'px4_msgs' build argument 'catkin_cmake_args' from command line to 'None'
[0.237s] Level 5:colcon.colcon_core.verb:set package 'px4_msgs' build argument 'catkin_skip_building_tests' from command line to 'False'
[0.237s] DEBUG:colcon.colcon_core.verb:Building package 'px4_msgs' with the following arguments: {'ament_cmake_args': None, 'build_base': '/home/acai0804/ys25_ws/build/px4_msgs', 'catkin_cmake_args': None, 'catkin_skip_building_tests': False, 'cmake_args': None, 'cmake_clean_cache': False, 'cmake_clean_first': False, 'cmake_force_configure': False, 'cmake_target': None, 'cmake_target_skip_unavailable': False, 'install_base': '/home/acai0804/ys25_ws/install/px4_msgs', 'merge_install': False, 'path': '/home/acai0804/ys25_ws/src/px4_msgs', 'symlink_install': False, 'test_result_base': None}
[0.237s] Level 5:colcon.colcon_core.verb:set package 'dontscrewthepooch' build argument 'cmake_args' from command line to 'None'
[0.237s] Level 5:colcon.colcon_core.verb:set package 'dontscrewthepooch' build argument 'cmake_target' from command line to 'None'
[0.237s] Level 5:colcon.colcon_core.verb:set package 'dontscrewthepooch' build argument 'cmake_target_skip_unavailable' from command line to 'False'
[0.237s] Level 5:colcon.colcon_core.verb:set package 'dontscrewthepooch' build argument 'cmake_clean_cache' from command line to 'False'
[0.237s] Level 5:colcon.colcon_core.verb:set package 'dontscrewthepooch' build argument 'cmake_clean_first' from command line to 'False'
[0.237s] Level 5:colcon.colcon_core.verb:set package 'dontscrewthepooch' build argument 'cmake_force_configure' from command line to 'False'
[0.237s] Level 5:colcon.colcon_core.verb:set package 'dontscrewthepooch' build argument 'ament_cmake_args' from command line to 'None'
[0.237s] Level 5:colcon.colcon_core.verb:set package 'dontscrewthepooch' build argument 'catkin_cmake_args' from command line to 'None'
[0.238s] Level 5:colcon.colcon_core.verb:set package 'dontscrewthepooch' build argument 'catkin_skip_building_tests' from command line to 'False'
[0.238s] DEBUG:colcon.colcon_core.verb:Building package 'dontscrewthepooch' with the following arguments: {'ament_cmake_args': None, 'build_base': '/home/acai0804/ys25_ws/build/dontscrewthepooch', 'catkin_cmake_args': None, 'catkin_skip_building_tests': False, 'cmake_args': None, 'cmake_clean_cache': False, 'cmake_clean_first': False, 'cmake_force_configure': False, 'cmake_target': None, 'cmake_target_skip_unavailable': False, 'install_base': '/home/acai0804/ys25_ws/install/dontscrewthepooch', 'merge_install': False, 'path': '/home/acai0804/ys25_ws/src/dontscrewthepooch', 'symlink_install': False, 'test_result_base': None}
[0.238s] Level 5:colcon.colcon_core.verb:set package 'mission_control' build argument 'cmake_args' from command line to 'None'
[0.238s] Level 5:colcon.colcon_core.verb:set package 'mission_control' build argument 'cmake_target' from command line to 'None'
[0.238s] Level 5:colcon.colcon_core.verb:set package 'mission_control' build argument 'cmake_target_skip_unavailable' from command line to 'False'
[0.238s] Level 5:colcon.colcon_core.verb:set package 'mission_control' build argument 'cmake_clean_cache' from command line to 'False'
[0.238s] Level 5:colcon.colcon_core.verb:set package 'mission_control' build argument 'cmake_clean_first' from command line to 'False'
[0.238s] Level 5:colcon.colcon_core.verb:set package 'mission_control' build argument 'cmake_force_configure' from command line to 'False'
[0.238s] Level 5:colcon.colcon_core.verb:set package 'mission_control' build argument 'ament_cmake_args' from command line to 'None'
[0.238s] Level 5:colcon.colcon_core.verb:set package 'mission_control' build argument 'catkin_cmake_args' from command line to 'None'
[0.238s] Level 5:colcon.colcon_core.verb:set package 'mission_control' build argument 'catkin_skip_building_tests' from command line to 'False'
[0.238s] DEBUG:colcon.colcon_core.verb:Building package 'mission_control' with the following arguments: {'ament_cmake_args': None, 'build_base': '/home/acai0804/ys25_ws/build/mission_control', 'catkin_cmake_args': None, 'catkin_skip_building_tests': False, 'cmake_args': None, 'cmake_clean_cache': False, 'cmake_clean_first': False, 'cmake_force_configure': False, 'cmake_target': None, 'cmake_target_skip_unavailable': False, 'install_base': '/home/acai0804/ys25_ws/install/mission_control', 'merge_install': False, 'path': '/home/acai0804/ys25_ws/src/mission_control', 'symlink_install': False, 'test_result_base': None}
[0.238s] INFO:colcon.colcon_core.executor:Executing jobs using 'parallel' executor
[0.239s] DEBUG:colcon.colcon_parallel_executor.executor.parallel:run_until_complete
[0.239s] INFO:colcon.colcon_ros.task.ament_cmake.build:Building ROS package in '/home/acai0804/ys25_ws/src/px4_msgs' with build type 'ament_cmake'
[0.239s] INFO:colcon.colcon_cmake.task.cmake.build:Building CMake package in '/home/acai0804/ys25_ws/src/px4_msgs'
[0.241s] INFO:colcon.colcon_core.plugin_system:Skipping extension 'colcon_core.shell.bat': Not used on non-Windows systems
[0.241s] INFO:colcon.colcon_core.shell:Skip shell extension 'powershell' for command environment: Not usable outside of PowerShell
[0.241s] DEBUG:colcon.colcon_core.shell:Skip shell extension 'dsv' for command environment
[0.249s] DEBUG:colcon.colcon_core.event_handler.log_command:Invoking command in '/home/acai0804/ys25_ws/build/px4_msgs': CMAKE_PREFIX_PATH=${CMAKE_PREFIX_PATH}:/home/acai0804/ys25_ws/install/mission_control:/home/acai0804/ys25_ws/install/dontscrewthepooch:/opt/ros/humble /usr/bin/cmake --build /home/acai0804/ys25_ws/build/px4_msgs -- -j8 -l8
[1.138s] DEBUG:colcon.colcon_core.event_handler.log_command:Invoked command in '/home/acai0804/ys25_ws/build/px4_msgs' returned '0': CMAKE_PREFIX_PATH=${CMAKE_PREFIX_PATH}:/home/acai0804/ys25_ws/install/mission_control:/home/acai0804/ys25_ws/install/dontscrewthepooch:/opt/ros/humble /usr/bin/cmake --build /home/acai0804/ys25_ws/build/px4_msgs -- -j8 -l8
[1.147s] DEBUG:colcon.colcon_core.event_handler.log_command:Invoking command in '/home/acai0804/ys25_ws/build/px4_msgs': CMAKE_PREFIX_PATH=${CMAKE_PREFIX_PATH}:/home/acai0804/ys25_ws/install/mission_control:/home/acai0804/ys25_ws/install/dontscrewthepooch:/opt/ros/humble /usr/bin/cmake --install /home/acai0804/ys25_ws/build/px4_msgs
[1.366s] Level 1:colcon.colcon_core.environment:create_environment_scripts_only(px4_msgs)
[1.391s] Level 1:colcon.colcon_core.environment:checking '/home/acai0804/ys25_ws/install/px4_msgs' for CMake module files
[1.398s] DEBUG:colcon.colcon_core.event_handler.log_command:Invoked command in '/home/acai0804/ys25_ws/build/px4_msgs' returned '0': CMAKE_PREFIX_PATH=${CMAKE_PREFIX_PATH}:/home/acai0804/ys25_ws/install/mission_control:/home/acai0804/ys25_ws/install/dontscrewthepooch:/opt/ros/humble /usr/bin/cmake --install /home/acai0804/ys25_ws/build/px4_msgs
[1.398s] Level 1:colcon.colcon_core.environment:checking '/home/acai0804/ys25_ws/install/px4_msgs' for CMake config files
[1.398s] Level 1:colcon.colcon_core.shell:create_environment_hook('px4_msgs', 'cmake_prefix_path')
[1.398s] INFO:colcon.colcon_core.shell:Creating environment hook '/home/acai0804/ys25_ws/install/px4_msgs/share/px4_msgs/hook/cmake_prefix_path.ps1'
[1.399s] INFO:colcon.colcon_core.shell:Creating environment descriptor '/home/acai0804/ys25_ws/install/px4_msgs/share/px4_msgs/hook/cmake_prefix_path.dsv'
[1.399s] INFO:colcon.colcon_core.shell:Creating environment hook '/home/acai0804/ys25_ws/install/px4_msgs/share/px4_msgs/hook/cmake_prefix_path.sh'
[1.400s] Level 1:colcon.colcon_core.environment:checking '/home/acai0804/ys25_ws/install/px4_msgs/lib'
[1.400s] Level 1:colcon.colcon_core.shell:create_environment_hook('px4_msgs', 'ld_library_path_lib')
[1.401s] INFO:colcon.colcon_core.shell:Creating environment hook '/home/acai0804/ys25_ws/install/px4_msgs/share/px4_msgs/hook/ld_library_path_lib.ps1'
[1.401s] INFO:colcon.colcon_core.shell:Creating environment descriptor '/home/acai0804/ys25_ws/install/px4_msgs/share/px4_msgs/hook/ld_library_path_lib.dsv'
[1.401s] INFO:colcon.colcon_core.shell:Creating environment hook '/home/acai0804/ys25_ws/install/px4_msgs/share/px4_msgs/hook/ld_library_path_lib.sh'
[1.401s] Level 1:colcon.colcon_core.environment:checking '/home/acai0804/ys25_ws/install/px4_msgs/bin'
[1.401s] Level 1:colcon.colcon_core.environment:checking '/home/acai0804/ys25_ws/install/px4_msgs/lib/pkgconfig/px4_msgs.pc'
[1.402s] Level 1:colcon.colcon_core.environment:checking '/home/acai0804/ys25_ws/install/px4_msgs/lib/python3.10/site-packages'
[1.402s] Level 1:colcon.colcon_core.environment:checking '/home/acai0804/ys25_ws/install/px4_msgs/bin'
[1.402s] INFO:colcon.colcon_core.shell:Creating package script '/home/acai0804/ys25_ws/install/px4_msgs/share/px4_msgs/package.ps1'
[1.403s] INFO:colcon.colcon_core.shell:Creating package descriptor '/home/acai0804/ys25_ws/install/px4_msgs/share/px4_msgs/package.dsv'
[1.403s] INFO:colcon.colcon_core.shell:Creating package script '/home/acai0804/ys25_ws/install/px4_msgs/share/px4_msgs/package.sh'
[1.404s] INFO:colcon.colcon_core.shell:Creating package script '/home/acai0804/ys25_ws/install/px4_msgs/share/px4_msgs/package.bash'
[1.405s] INFO:colcon.colcon_core.shell:Creating package script '/home/acai0804/ys25_ws/install/px4_msgs/share/px4_msgs/package.zsh'
[1.405s] Level 1:colcon.colcon_core.environment:create_file_with_runtime_dependencies(/home/acai0804/ys25_ws/install/px4_msgs/share/colcon-core/packages/px4_msgs)
[1.406s] Level 1:colcon.colcon_core.environment:create_environment_scripts_only(px4_msgs)
[1.406s] Level 1:colcon.colcon_core.environment:checking '/home/acai0804/ys25_ws/install/px4_msgs' for CMake module files
[1.406s] Level 1:colcon.colcon_core.environment:checking '/home/acai0804/ys25_ws/install/px4_msgs' for CMake config files
[1.407s] Level 1:colcon.colcon_core.shell:create_environment_hook('px4_msgs', 'cmake_prefix_path')
[1.407s] INFO:colcon.colcon_core.shell:Creating environment hook '/home/acai0804/ys25_ws/install/px4_msgs/share/px4_msgs/hook/cmake_prefix_path.ps1'
[1.407s] INFO:colcon.colcon_core.shell:Creating environment descriptor '/home/acai0804/ys25_ws/install/px4_msgs/share/px4_msgs/hook/cmake_prefix_path.dsv'
[1.407s] INFO:colcon.colcon_core.shell:Creating environment hook '/home/acai0804/ys25_ws/install/px4_msgs/share/px4_msgs/hook/cmake_prefix_path.sh'
[1.408s] Level 1:colcon.colcon_core.environment:checking '/home/acai0804/ys25_ws/install/px4_msgs/lib'
[1.408s] Level 1:colcon.colcon_core.shell:create_environment_hook('px4_msgs', 'ld_library_path_lib')
[1.408s] INFO:colcon.colcon_core.shell:Creating environment hook '/home/acai0804/ys25_ws/install/px4_msgs/share/px4_msgs/hook/ld_library_path_lib.ps1'
[1.408s] INFO:colcon.colcon_core.shell:Creating environment descriptor '/home/acai0804/ys25_ws/install/px4_msgs/share/px4_msgs/hook/ld_library_path_lib.dsv'
[1.409s] INFO:colcon.colcon_core.shell:Creating environment hook '/home/acai0804/ys25_ws/install/px4_msgs/share/px4_msgs/hook/ld_library_path_lib.sh'
[1.409s] Level 1:colcon.colcon_core.environment:checking '/home/acai0804/ys25_ws/install/px4_msgs/bin'
[1.409s] Level 1:colcon.colcon_core.environment:checking '/home/acai0804/ys25_ws/install/px4_msgs/lib/pkgconfig/px4_msgs.pc'
[1.409s] Level 1:colcon.colcon_core.environment:checking '/home/acai0804/ys25_ws/install/px4_msgs/lib/python3.10/site-packages'
[1.409s] Level 1:colcon.colcon_core.environment:checking '/home/acai0804/ys25_ws/install/px4_msgs/bin'
[1.410s] INFO:colcon.colcon_core.shell:Creating package script '/home/acai0804/ys25_ws/install/px4_msgs/share/px4_msgs/package.ps1'
[1.410s] INFO:colcon.colcon_core.shell:Creating package descriptor '/home/acai0804/ys25_ws/install/px4_msgs/share/px4_msgs/package.dsv'
[1.411s] INFO:colcon.colcon_core.shell:Creating package script '/home/acai0804/ys25_ws/install/px4_msgs/share/px4_msgs/package.sh'
[1.411s] INFO:colcon.colcon_core.shell:Creating package script '/home/acai0804/ys25_ws/install/px4_msgs/share/px4_msgs/package.bash'
[1.411s] INFO:colcon.colcon_core.shell:Creating package script '/home/acai0804/ys25_ws/install/px4_msgs/share/px4_msgs/package.zsh'
[1.412s] Level 1:colcon.colcon_core.environment:create_file_with_runtime_dependencies(/home/acai0804/ys25_ws/install/px4_msgs/share/colcon-core/packages/px4_msgs)
[1.412s] INFO:colcon.colcon_ros.task.ament_python.build:Building ROS package in '/home/acai0804/ys25_ws/src/dontscrewthepooch' with build type 'ament_python'
[1.412s] Level 1:colcon.colcon_core.shell:create_environment_hook('dontscrewthepooch', 'ament_prefix_path')
[1.412s] INFO:colcon.colcon_core.shell:Creating environment hook '/home/acai0804/ys25_ws/install/dontscrewthepooch/share/dontscrewthepooch/hook/ament_prefix_path.ps1'
[1.413s] INFO:colcon.colcon_core.shell:Creating environment descriptor '/home/acai0804/ys25_ws/install/dontscrewthepooch/share/dontscrewthepooch/hook/ament_prefix_path.dsv'
[1.413s] INFO:colcon.colcon_core.shell:Creating environment hook '/home/acai0804/ys25_ws/install/dontscrewthepooch/share/dontscrewthepooch/hook/ament_prefix_path.sh'
[1.414s] INFO:colcon.colcon_core.shell:Skip shell extension 'powershell' for command environment: Not usable outside of PowerShell
[1.414s] DEBUG:colcon.colcon_core.shell:Skip shell extension 'dsv' for command environment
[1.627s] INFO:colcon.colcon_core.task.python.build:Building Python package in '/home/acai0804/ys25_ws/src/dontscrewthepooch'
[1.627s] INFO:colcon.colcon_core.shell:Skip shell extension 'powershell' for command environment: Not usable outside of PowerShell
[1.627s] DEBUG:colcon.colcon_core.shell:Skip shell extension 'dsv' for command environment
[2.192s] DEBUG:colcon.colcon_core.event_handler.log_command:Invoking command in '/home/acai0804/ys25_ws/src/dontscrewthepooch': PYTHONPATH=/home/acai0804/ys25_ws/build/dontscrewthepooch/prefix_override:/usr/lib/python3/dist-packages/colcon_core/task/python/colcon_distutils_commands:/home/acai0804/ys25_ws/install/dontscrewthepooch/lib/python3.10/site-packages:${PYTHONPATH} /usr/bin/python3 -W ignore:setup.py install is deprecated -W ignore:easy_install command is deprecated setup.py egg_info --egg-base ../../build/dontscrewthepooch build --build-base /home/acai0804/ys25_ws/build/dontscrewthepooch/build install --record /home/acai0804/ys25_ws/build/dontscrewthepooch/install.log --single-version-externally-managed install_data
[2.748s] Level 1:colcon.colcon_core.environment:checking '/home/acai0804/ys25_ws/install/dontscrewthepooch' for CMake module files
[2.749s] DEBUG:colcon.colcon_core.event_handler.log_command:Invoked command in '/home/acai0804/ys25_ws/src/dontscrewthepooch' returned '0': PYTHONPATH=/home/acai0804/ys25_ws/build/dontscrewthepooch/prefix_override:/usr/lib/python3/dist-packages/colcon_core/task/python/colcon_distutils_commands:/home/acai0804/ys25_ws/install/dontscrewthepooch/lib/python3.10/site-packages:${PYTHONPATH} /usr/bin/python3 -W ignore:setup.py install is deprecated -W ignore:easy_install command is deprecated setup.py egg_info --egg-base ../../build/dontscrewthepooch build --build-base /home/acai0804/ys25_ws/build/dontscrewthepooch/build install --record /home/acai0804/ys25_ws/build/dontscrewthepooch/install.log --single-version-externally-managed install_data
[2.749s] Level 1:colcon.colcon_core.environment:checking '/home/acai0804/ys25_ws/install/dontscrewthepooch' for CMake config files
[2.749s] Level 1:colcon.colcon_core.environment:checking '/home/acai0804/ys25_ws/install/dontscrewthepooch/lib'
[2.750s] Level 1:colcon.colcon_core.environment:checking '/home/acai0804/ys25_ws/install/dontscrewthepooch/bin'
[2.750s] Level 1:colcon.colcon_core.environment:checking '/home/acai0804/ys25_ws/install/dontscrewthepooch/lib/pkgconfig/dontscrewthepooch.pc'
[2.750s] Level 1:colcon.colcon_core.environment:checking '/home/acai0804/ys25_ws/install/dontscrewthepooch/lib/python3.10/site-packages'
[2.750s] Level 1:colcon.colcon_core.shell:create_environment_hook('dontscrewthepooch', 'pythonpath')
[2.750s] INFO:colcon.colcon_core.shell:Creating environment hook '/home/acai0804/ys25_ws/install/dontscrewthepooch/share/dontscrewthepooch/hook/pythonpath.ps1'
[2.751s] INFO:colcon.colcon_core.shell:Creating environment descriptor '/home/acai0804/ys25_ws/install/dontscrewthepooch/share/dontscrewthepooch/hook/pythonpath.dsv'
[2.751s] INFO:colcon.colcon_core.shell:Creating environment hook '/home/acai0804/ys25_ws/install/dontscrewthepooch/share/dontscrewthepooch/hook/pythonpath.sh'
[2.751s] Level 1:colcon.colcon_core.environment:checking '/home/acai0804/ys25_ws/install/dontscrewthepooch/bin'
[2.751s] Level 1:colcon.colcon_core.environment:create_environment_scripts_only(dontscrewthepooch)
[2.752s] INFO:colcon.colcon_core.shell:Creating package script '/home/acai0804/ys25_ws/install/dontscrewthepooch/share/dontscrewthepooch/package.ps1'
[2.752s] INFO:colcon.colcon_core.shell:Creating package descriptor '/home/acai0804/ys25_ws/install/dontscrewthepooch/share/dontscrewthepooch/package.dsv'
[2.753s] INFO:colcon.colcon_core.shell:Creating package script '/home/acai0804/ys25_ws/install/dontscrewthepooch/share/dontscrewthepooch/package.sh'
[2.753s] INFO:colcon.colcon_core.shell:Creating package script '/home/acai0804/ys25_ws/install/dontscrewthepooch/share/dontscrewthepooch/package.bash'
[2.753s] INFO:colcon.colcon_core.shell:Creating package script '/home/acai0804/ys25_ws/install/dontscrewthepooch/share/dontscrewthepooch/package.zsh'
[2.754s] Level 1:colcon.colcon_core.environment:create_file_with_runtime_dependencies(/home/acai0804/ys25_ws/install/dontscrewthepooch/share/colcon-core/packages/dontscrewthepooch)
[2.754s] INFO:colcon.colcon_ros.task.ament_python.build:Building ROS package in '/home/acai0804/ys25_ws/src/mission_control' with build type 'ament_python'
[2.754s] Level 1:colcon.colcon_core.shell:create_environment_hook('mission_control', 'ament_prefix_path')
[2.754s] INFO:colcon.colcon_core.shell:Creating environment hook '/home/acai0804/ys25_ws/install/mission_control/share/mission_control/hook/ament_prefix_path.ps1'
[2.755s] INFO:colcon.colcon_core.shell:Creating environment descriptor '/home/acai0804/ys25_ws/install/mission_control/share/mission_control/hook/ament_prefix_path.dsv'
[2.755s] INFO:colcon.colcon_core.shell:Creating environment hook '/home/acai0804/ys25_ws/install/mission_control/share/mission_control/hook/ament_prefix_path.sh'
[2.756s] INFO:colcon.colcon_core.shell:Skip shell extension 'powershell' for command environment: Not usable outside of PowerShell
[2.756s] DEBUG:colcon.colcon_core.shell:Skip shell extension 'dsv' for command environment
[2.973s] INFO:colcon.colcon_core.task.python.build:Building Python package in '/home/acai0804/ys25_ws/src/mission_control'
[2.973s] INFO:colcon.colcon_core.shell:Skip shell extension 'powershell' for command environment: Not usable outside of PowerShell
[2.973s] DEBUG:colcon.colcon_core.shell:Skip shell extension 'dsv' for command environment
[3.532s] DEBUG:colcon.colcon_core.event_handler.log_command:Invoking command in '/home/acai0804/ys25_ws/src/mission_control': AMENT_PREFIX_PATH=/home/acai0804/ys25_ws/install/dontscrewthepooch:/home/acai0804/ys25_ws/install/mission_control:/home/acai0804/ys25_ws/install/px4_msgs:/opt/ros/humble PYTHONPATH=/home/acai0804/ys25_ws/build/mission_control/prefix_override:/usr/lib/python3/dist-packages/colcon_core/task/python/colcon_distutils_commands:/home/acai0804/ys25_ws/install/mission_control/lib/python3.10/site-packages:/home/acai0804/ys25_ws/install/dontscrewthepooch/lib/python3.10/site-packages:/home/acai0804/ys25_ws/install/mission_control/lib/python3.10/site-packages:/home/acai0804/ys25_ws/install/px4_msgs/local/lib/python3.10/dist-packages:/opt/ros/humble/lib/python3.10/site-packages:/opt/ros/humble/local/lib/python3.10/dist-packages /usr/bin/python3 -W ignore:setup.py install is deprecated -W ignore:easy_install command is deprecated setup.py egg_info --egg-base ../../build/mission_control build --build-base /home/acai0804/ys25_ws/build/mission_control/build install --record /home/acai0804/ys25_ws/build/mission_control/install.log --single-version-externally-managed install_data
[4.091s] Level 1:colcon.colcon_core.environment:checking '/home/acai0804/ys25_ws/install/mission_control' for CMake module files
[4.091s] DEBUG:colcon.colcon_core.event_handler.log_command:Invoked command in '/home/acai0804/ys25_ws/src/mission_control' returned '0': AMENT_PREFIX_PATH=/home/acai0804/ys25_ws/install/dontscrewthepooch:/home/acai0804/ys25_ws/install/mission_control:/home/acai0804/ys25_ws/install/px4_msgs:/opt/ros/humble PYTHONPATH=/home/acai0804/ys25_ws/build/mission_control/prefix_override:/usr/lib/python3/dist-packages/colcon_core/task/python/colcon_distutils_commands:/home/acai0804/ys25_ws/install/mission_control/lib/python3.10/site-packages:/home/acai0804/ys25_ws/install/dontscrewthepooch/lib/python3.10/site-packages:/home/acai0804/ys25_ws/install/mission_control/lib/python3.10/site-packages:/home/acai0804/ys25_ws/install/px4_msgs/local/lib/python3.10/dist-packages:/opt/ros/humble/lib/python3.10/site-packages:/opt/ros/humble/local/lib/python3.10/dist-packages /usr/bin/python3 -W ignore:setup.py install is deprecated -W ignore:easy_install command is deprecated setup.py egg_info --egg-base ../../build/mission_control build --build-base /home/acai0804/ys25_ws/build/mission_control/build install --record /home/acai0804/ys25_ws/build/mission_control/install.log --single-version-externally-managed install_data
[4.092s] Level 1:colcon.colcon_core.environment:checking '/home/acai0804/ys25_ws/install/mission_control' for CMake config files
[4.092s] Level 1:colcon.colcon_core.environment:checking '/home/acai0804/ys25_ws/install/mission_control/lib'
[4.092s] Level 1:colcon.colcon_core.environment:checking '/home/acai0804/ys25_ws/install/mission_control/bin'
[4.092s] Level 1:colcon.colcon_core.environment:checking '/home/acai0804/ys25_ws/install/mission_control/lib/pkgconfig/mission_control.pc'
[4.093s] Level 1:colcon.colcon_core.environment:checking '/home/acai0804/ys25_ws/install/mission_control/lib/python3.10/site-packages'
[4.093s] Level 1:colcon.colcon_core.shell:create_environment_hook('mission_control', 'pythonpath')
[4.093s] INFO:colcon.colcon_core.shell:Creating environment hook '/home/acai0804/ys25_ws/install/mission_control/share/mission_control/hook/pythonpath.ps1'
[4.093s] INFO:colcon.colcon_core.shell:Creating environment descriptor '/home/acai0804/ys25_ws/install/mission_control/share/mission_control/hook/pythonpath.dsv'
[4.094s] INFO:colcon.colcon_core.shell:Creating environment hook '/home/acai0804/ys25_ws/install/mission_control/share/mission_control/hook/pythonpath.sh'
[4.094s] Level 1:colcon.colcon_core.environment:checking '/home/acai0804/ys25_ws/install/mission_control/bin'
[4.094s] Level 1:colcon.colcon_core.environment:create_environment_scripts_only(mission_control)
[4.094s] INFO:colcon.colcon_core.shell:Creating package script '/home/acai0804/ys25_ws/install/mission_control/share/mission_control/package.ps1'
[4.095s] INFO:colcon.colcon_core.shell:Creating package descriptor '/home/acai0804/ys25_ws/install/mission_control/share/mission_control/package.dsv'
[4.095s] INFO:colcon.colcon_core.shell:Creating package script '/home/acai0804/ys25_ws/install/mission_control/share/mission_control/package.sh'
[4.096s] INFO:colcon.colcon_core.shell:Creating package script '/home/acai0804/ys25_ws/install/mission_control/share/mission_control/package.bash'
[4.096s] INFO:colcon.colcon_core.shell:Creating package script '/home/acai0804/ys25_ws/install/mission_control/share/mission_control/package.zsh'
[4.096s] Level 1:colcon.colcon_core.environment:create_file_with_runtime_dependencies(/home/acai0804/ys25_ws/install/mission_control/share/colcon-core/packages/mission_control)
[4.097s] DEBUG:colcon.colcon_parallel_executor.executor.parallel:closing loop
[4.097s] DEBUG:colcon.colcon_parallel_executor.executor.parallel:loop closed
[4.097s] DEBUG:colcon.colcon_parallel_executor.executor.parallel:run_until_complete finished with '0'
[4.097s] DEBUG:colcon.colcon_core.event_reactor:joining thread
[4.102s] INFO:colcon.colcon_core.plugin_system:Skipping extension 'colcon_notification.desktop_notification.terminal_notifier': Not used on non-Darwin systems
[4.102s] INFO:colcon.colcon_core.plugin_system:Skipping extension 'colcon_notification.desktop_notification.win32': Not used on non-Windows systems
[4.102s] INFO:colcon.colcon_notification.desktop_notification:Sending desktop notification using 'notify2'
[4.112s] DEBUG:colcon.colcon_core.event_reactor:joined thread
[4.113s] INFO:colcon.colcon_core.shell:Creating prefix script '/home/acai0804/ys25_ws/install/local_setup.ps1'
[4.114s] INFO:colcon.colcon_core.shell:Creating prefix util module '/home/acai0804/ys25_ws/install/_local_setup_util_ps1.py'
[4.115s] INFO:colcon.colcon_core.shell:Creating prefix chain script '/home/acai0804/ys25_ws/install/setup.ps1'
[4.117s] INFO:colcon.colcon_core.shell:Creating prefix script '/home/acai0804/ys25_ws/install/local_setup.sh'
[4.117s] INFO:colcon.colcon_core.shell:Creating prefix util module '/home/acai0804/ys25_ws/install/_local_setup_util_sh.py'
[4.118s] INFO:colcon.colcon_core.shell:Creating prefix chain script '/home/acai0804/ys25_ws/install/setup.sh'
[4.119s] INFO:colcon.colcon_core.shell:Creating prefix script '/home/acai0804/ys25_ws/install/local_setup.bash'
[4.119s] INFO:colcon.colcon_core.shell:Creating prefix chain script '/home/acai0804/ys25_ws/install/setup.bash'
[4.120s] INFO:colcon.colcon_core.shell:Creating prefix script '/home/acai0804/ys25_ws/install/local_setup.zsh'
[4.121s] INFO:colcon.colcon_core.shell:Creating prefix chain script '/home/acai0804/ys25_ws/install/setup.zsh'
