[1.934s] Invoking command in '/home/acai0804/ys25_ws/src/dontscrewthepooch': PYTHONPATH=/home/acai0804/ys25_ws/build/dontscrewthepooch/prefix_override:/usr/lib/python3/dist-packages/colcon_core/task/python/colcon_distutils_commands:/home/acai0804/ys25_ws/install/dontscrewthepooch/lib/python3.10/site-packages:${PYTHONPATH} /usr/bin/python3 -W ignore:setup.py install is deprecated -W ignore:easy_install command is deprecated setup.py egg_info --egg-base ../../build/dontscrewthepooch build --build-base /home/acai0804/ys25_ws/build/dontscrewthepooch/build install --record /home/acai0804/ys25_ws/build/dontscrewthepooch/install.log --single-version-externally-managed install_data
[2.528s] running egg_info
[2.529s] creating ../../build/dontscrewthepooch/dontscrewthepooch.egg-info
[2.570s] writing ../../build/dontscrewthepooch/dontscrewthepooch.egg-info/PKG-INFO
[2.570s] writing dependency_links to ../../build/dontscrewthepooch/dontscrewthepooch.egg-info/dependency_links.txt
[2.571s] writing entry points to ../../build/dontscrewthepooch/dontscrewthepooch.egg-info/entry_points.txt
[2.571s] writing requirements to ../../build/dontscrewthepooch/dontscrewthepooch.egg-info/requires.txt
[2.572s] writing top-level names to ../../build/dontscrewthepooch/dontscrewthepooch.egg-info/top_level.txt
[2.572s] writing manifest file '../../build/dontscrewthepooch/dontscrewthepooch.egg-info/SOURCES.txt'
[2.656s] reading manifest file '../../build/dontscrewthepooch/dontscrewthepooch.egg-info/SOURCES.txt'
[2.657s] writing manifest file '../../build/dontscrewthepooch/dontscrewthepooch.egg-info/SOURCES.txt'
[2.657s] running build
[2.658s] running build_py
[2.658s] creating /home/acai0804/ys25_ws/build/dontscrewthepooch/build
[2.658s] creating /home/acai0804/ys25_ws/build/dontscrewthepooch/build/lib
[2.658s] creating /home/acai0804/ys25_ws/build/dontscrewthepooch/build/lib/dontscrewthepooch
[2.658s] copying dontscrewthepooch/__init__.py -> /home/acai0804/ys25_ws/build/dontscrewthepooch/build/lib/dontscrewthepooch
[2.658s] copying dontscrewthepooch/goal_pose_to_traj_setpoint.py -> /home/acai0804/ys25_ws/build/dontscrewthepooch/build/lib/dontscrewthepooch
[2.659s] copying dontscrewthepooch/command_give.py -> /home/acai0804/ys25_ws/build/dontscrewthepooch/build/lib/dontscrewthepooch
[2.659s] copying dontscrewthepooch/tf2_map_to_odom.py -> /home/acai0804/ys25_ws/build/dontscrewthepooch/build/lib/dontscrewthepooch
[2.660s] running install
[2.673s] running install_lib
[2.716s] running install_data
[2.717s] running install_egg_info
[2.760s] removing '/home/acai0804/ys25_ws/install/dontscrewthepooch/lib/python3.10/site-packages/dontscrewthepooch-0.0.0-py3.10.egg-info' (and everything under it)
[2.761s] Copying ../../build/dontscrewthepooch/dontscrewthepooch.egg-info to /home/acai0804/ys25_ws/install/dontscrewthepooch/lib/python3.10/site-packages/dontscrewthepooch-0.0.0-py3.10.egg-info
[2.763s] running install_scripts
[3.164s] Installing command_give script to /home/acai0804/ys25_ws/install/dontscrewthepooch/lib/dontscrewthepooch
[3.170s] Installing goal_pose_to_traj_setpoint script to /home/acai0804/ys25_ws/install/dontscrewthepooch/lib/dontscrewthepooch
[3.171s] Installing tf2_map_to_odom script to /home/acai0804/ys25_ws/install/dontscrewthepooch/lib/dontscrewthepooch
[3.173s] writing list of installed files to '/home/acai0804/ys25_ws/build/dontscrewthepooch/install.log'
[3.233s] Invoked command in '/home/acai0804/ys25_ws/src/dontscrewthepooch' returned '0': PYTHONPATH=/home/acai0804/ys25_ws/build/dontscrewthepooch/prefix_override:/usr/lib/python3/dist-packages/colcon_core/task/python/colcon_distutils_commands:/home/acai0804/ys25_ws/install/dontscrewthepooch/lib/python3.10/site-packages:${PYTHONPATH} /usr/bin/python3 -W ignore:setup.py install is deprecated -W ignore:easy_install command is deprecated setup.py egg_info --egg-base ../../build/dontscrewthepooch build --build-base /home/acai0804/ys25_ws/build/dontscrewthepooch/build install --record /home/acai0804/ys25_ws/build/dontscrewthepooch/install.log --single-version-externally-managed install_data
