[0.124s] DEBUG:colcon:Command line arguments: ['/usr/bin/colcon', 'build']
[0.124s] DEBUG:colcon:Parsed command line arguments: Namespace(log_base=None, log_level=None, verb_name='build', build_base='build', install_base='install', merge_install=False, symlink_install=False, test_result_base=None, continue_on_error=False, executor='parallel', parallel_workers=8, event_handlers=None, ignore_user_meta=False, metas=['./colcon.meta'], base_paths=['.'], packages_ignore=None, packages_ignore_regex=None, paths=None, packages_up_to=None, packages_up_to_regex=None, packages_above=None, packages_above_and_dependencies=None, packages_above_depth=None, packages_select_by_dep=None, packages_skip_by_dep=None, packages_skip_up_to=None, packages_select_build_failed=False, packages_skip_build_finished=False, packages_select_test_failures=False, packages_skip_test_passed=False, packages_select=None, packages_skip=None, packages_select_regex=None, packages_skip_regex=None, packages_start=None, packages_end=None, allow_overriding=[], cmake_args=None, cmake_target=None, cmake_target_skip_unavailable=False, cmake_clean_cache=False, cmake_clean_first=False, cmake_force_configure=False, ament_cmake_args=None, catkin_cmake_args=None, catkin_skip_building_tests=False, mixin_files=None, mixin=None, verb_parser=<colcon_mixin.mixin.mixin_argument.MixinArgumentDecorator object at 0x779233d56920>, verb_extension=<colcon_core.verb.build.BuildVerb object at 0x779233d1c0d0>, main=<bound method BuildVerb.main of <colcon_core.verb.build.BuildVerb object at 0x779233d1c0d0>>, mixin_verb=('build',))
[0.329s] Level 1:colcon.colcon_core.package_discovery:discover_packages(colcon_meta) check parameters
[0.329s] Level 1:colcon.colcon_core.package_discovery:discover_packages(recursive) check parameters
[0.329s] Level 1:colcon.colcon_core.package_discovery:discover_packages(ignore) check parameters
[0.329s] Level 1:colcon.colcon_core.package_discovery:discover_packages(path) check parameters
[0.329s] Level 1:colcon.colcon_core.package_discovery:discover_packages(colcon_meta) discover
[0.329s] Level 1:colcon.colcon_core.package_discovery:discover_packages(recursive) discover
[0.329s] INFO:colcon.colcon_core.package_discovery:Crawling recursively for packages in '/home/acai0804/ys25_ws'
[0.329s] Level 1:colcon.colcon_core.package_identification:_identify(.) by extensions ['ignore', 'ignore_ament_install']
[0.329s] Level 1:colcon.colcon_core.package_identification:_identify(.) by extension 'ignore'
[0.330s] Level 1:colcon.colcon_core.package_identification:_identify(.) by extension 'ignore_ament_install'
[0.330s] Level 1:colcon.colcon_core.package_identification:_identify(.) by extensions ['colcon_pkg']
[0.330s] Level 1:colcon.colcon_core.package_identification:_identify(.) by extension 'colcon_pkg'
[0.330s] Level 1:colcon.colcon_core.package_identification:_identify(.) by extensions ['colcon_meta']
[0.330s] Level 1:colcon.colcon_core.package_identification:_identify(.) by extension 'colcon_meta'
[0.330s] Level 1:colcon.colcon_core.package_identification:_identify(.) by extensions ['ros']
[0.330s] Level 1:colcon.colcon_core.package_identification:_identify(.) by extension 'ros'
[0.342s] Level 1:colcon.colcon_core.package_identification:_identify(.) by extensions ['cmake', 'python']
[0.342s] Level 1:colcon.colcon_core.package_identification:_identify(.) by extension 'cmake'
[0.342s] Level 1:colcon.colcon_core.package_identification:_identify(.) by extension 'python'
[0.342s] Level 1:colcon.colcon_core.package_identification:_identify(.) by extensions ['python_setup_py']
[0.342s] Level 1:colcon.colcon_core.package_identification:_identify(.) by extension 'python_setup_py'
[0.343s] Level 1:colcon.colcon_core.package_identification:_identify(build) by extensions ['ignore', 'ignore_ament_install']
[0.343s] Level 1:colcon.colcon_core.package_identification:_identify(build) by extension 'ignore'
[0.343s] Level 1:colcon.colcon_core.package_identification:_identify(build) ignored
[0.343s] Level 1:colcon.colcon_core.package_identification:_identify(install) by extensions ['ignore', 'ignore_ament_install']
[0.343s] Level 1:colcon.colcon_core.package_identification:_identify(install) by extension 'ignore'
[0.343s] Level 1:colcon.colcon_core.package_identification:_identify(install) ignored
[0.343s] Level 1:colcon.colcon_core.package_identification:_identify(log) by extensions ['ignore', 'ignore_ament_install']
[0.343s] Level 1:colcon.colcon_core.package_identification:_identify(log) by extension 'ignore'
[0.343s] Level 1:colcon.colcon_core.package_identification:_identify(log) ignored
[0.343s] Level 1:colcon.colcon_core.package_identification:_identify(src) by extensions ['ignore', 'ignore_ament_install']
[0.343s] Level 1:colcon.colcon_core.package_identification:_identify(src) by extension 'ignore'
[0.343s] Level 1:colcon.colcon_core.package_identification:_identify(src) by extension 'ignore_ament_install'
[0.343s] Level 1:colcon.colcon_core.package_identification:_identify(src) by extensions ['colcon_pkg']
[0.343s] Level 1:colcon.colcon_core.package_identification:_identify(src) by extension 'colcon_pkg'
[0.344s] Level 1:colcon.colcon_core.package_identification:_identify(src) by extensions ['colcon_meta']
[0.344s] Level 1:colcon.colcon_core.package_identification:_identify(src) by extension 'colcon_meta'
[0.344s] Level 1:colcon.colcon_core.package_identification:_identify(src) by extensions ['ros']
[0.344s] Level 1:colcon.colcon_core.package_identification:_identify(src) by extension 'ros'
[0.344s] Level 1:colcon.colcon_core.package_identification:_identify(src) by extensions ['cmake', 'python']
[0.344s] Level 1:colcon.colcon_core.package_identification:_identify(src) by extension 'cmake'
[0.344s] Level 1:colcon.colcon_core.package_identification:_identify(src) by extension 'python'
[0.344s] Level 1:colcon.colcon_core.package_identification:_identify(src) by extensions ['python_setup_py']
[0.344s] Level 1:colcon.colcon_core.package_identification:_identify(src) by extension 'python_setup_py'
[0.344s] Level 1:colcon.colcon_core.package_identification:_identify(src/dontscrewthepooch) by extensions ['ignore', 'ignore_ament_install']
[0.344s] Level 1:colcon.colcon_core.package_identification:_identify(src/dontscrewthepooch) by extension 'ignore'
[0.344s] Level 1:colcon.colcon_core.package_identification:_identify(src/dontscrewthepooch) by extension 'ignore_ament_install'
[0.344s] Level 1:colcon.colcon_core.package_identification:_identify(src/dontscrewthepooch) by extensions ['colcon_pkg']
[0.344s] Level 1:colcon.colcon_core.package_identification:_identify(src/dontscrewthepooch) by extension 'colcon_pkg'
[0.344s] Level 1:colcon.colcon_core.package_identification:_identify(src/dontscrewthepooch) by extensions ['colcon_meta']
[0.344s] Level 1:colcon.colcon_core.package_identification:_identify(src/dontscrewthepooch) by extension 'colcon_meta'
[0.344s] Level 1:colcon.colcon_core.package_identification:_identify(src/dontscrewthepooch) by extensions ['ros']
[0.344s] Level 1:colcon.colcon_core.package_identification:_identify(src/dontscrewthepooch) by extension 'ros'
[0.347s] DEBUG:colcon.colcon_core.package_identification:Package 'src/dontscrewthepooch' with type 'ros.ament_python' and name 'dontscrewthepooch'
[0.347s] Level 1:colcon.colcon_core.package_identification:_identify(src/mission_control) by extensions ['ignore', 'ignore_ament_install']
[0.347s] Level 1:colcon.colcon_core.package_identification:_identify(src/mission_control) by extension 'ignore'
[0.347s] Level 1:colcon.colcon_core.package_identification:_identify(src/mission_control) by extension 'ignore_ament_install'
[0.347s] Level 1:colcon.colcon_core.package_identification:_identify(src/mission_control) by extensions ['colcon_pkg']
[0.347s] Level 1:colcon.colcon_core.package_identification:_identify(src/mission_control) by extension 'colcon_pkg'
[0.347s] Level 1:colcon.colcon_core.package_identification:_identify(src/mission_control) by extensions ['colcon_meta']
[0.347s] Level 1:colcon.colcon_core.package_identification:_identify(src/mission_control) by extension 'colcon_meta'
[0.347s] Level 1:colcon.colcon_core.package_identification:_identify(src/mission_control) by extensions ['ros']
[0.348s] Level 1:colcon.colcon_core.package_identification:_identify(src/mission_control) by extension 'ros'
[0.358s] DEBUG:colcon.colcon_core.package_identification:Package 'src/mission_control' with type 'ros.ament_python' and name 'mission_control'
[0.359s] Level 1:colcon.colcon_core.package_identification:_identify(src/px4_msgs) by extensions ['ignore', 'ignore_ament_install']
[0.359s] Level 1:colcon.colcon_core.package_identification:_identify(src/px4_msgs) by extension 'ignore'
[0.359s] Level 1:colcon.colcon_core.package_identification:_identify(src/px4_msgs) by extension 'ignore_ament_install'
[0.359s] Level 1:colcon.colcon_core.package_identification:_identify(src/px4_msgs) by extensions ['colcon_pkg']
[0.359s] Level 1:colcon.colcon_core.package_identification:_identify(src/px4_msgs) by extension 'colcon_pkg'
[0.359s] Level 1:colcon.colcon_core.package_identification:_identify(src/px4_msgs) by extensions ['colcon_meta']
[0.359s] Level 1:colcon.colcon_core.package_identification:_identify(src/px4_msgs) by extension 'colcon_meta'
[0.359s] Level 1:colcon.colcon_core.package_identification:_identify(src/px4_msgs) by extensions ['ros']
[0.359s] Level 1:colcon.colcon_core.package_identification:_identify(src/px4_msgs) by extension 'ros'
[0.360s] DEBUG:colcon.colcon_core.package_identification:Package 'src/px4_msgs' with type 'ros.ament_cmake' and name 'px4_msgs'
[0.360s] Level 1:colcon.colcon_core.package_discovery:discover_packages(recursive) using defaults
[0.360s] Level 1:colcon.colcon_core.package_discovery:discover_packages(ignore) discover
[0.360s] Level 1:colcon.colcon_core.package_discovery:discover_packages(ignore) using defaults
[0.360s] Level 1:colcon.colcon_core.package_discovery:discover_packages(path) discover
[0.360s] Level 1:colcon.colcon_core.package_discovery:discover_packages(path) using defaults
[0.382s] Level 1:colcon.colcon_core.package_discovery:discover_packages(prefix_path) check parameters
[0.382s] Level 1:colcon.colcon_core.package_discovery:discover_packages(prefix_path) discover
[0.383s] WARNING:colcon.colcon_ros.prefix_path.ament:The path '/home/acai0804/ys25_ws/install/mission_control' in the environment variable AMENT_PREFIX_PATH doesn't exist
[0.383s] WARNING:colcon.colcon_ros.prefix_path.ament:The path '/home/acai0804/ys25_ws/install/dontscrewthepooch' in the environment variable AMENT_PREFIX_PATH doesn't exist
[0.383s] WARNING:colcon.colcon_ros.prefix_path.ament:The path '/home/acai0804/ys25_ws/install/px4_msgs' in the environment variable AMENT_PREFIX_PATH doesn't exist
[0.383s] WARNING:colcon.colcon_ros.prefix_path.catkin:The path '/home/acai0804/ys25_ws/install/px4_msgs' in the environment variable CMAKE_PREFIX_PATH doesn't exist
[0.384s] DEBUG:colcon.colcon_installed_package_information.package_discovery:Found 0 installed packages in /home/acai0804/ys25_ws/install
[0.385s] DEBUG:colcon.colcon_installed_package_information.package_discovery:Found 294 installed packages in /opt/ros/humble
[0.387s] Level 1:colcon.colcon_core.package_discovery:discover_packages(prefix_path) using defaults
[0.433s] Level 5:colcon.colcon_core.verb:set package 'px4_msgs' build argument 'cmake_args' from command line to 'None'
[0.433s] Level 5:colcon.colcon_core.verb:set package 'px4_msgs' build argument 'cmake_target' from command line to 'None'
[0.433s] Level 5:colcon.colcon_core.verb:set package 'px4_msgs' build argument 'cmake_target_skip_unavailable' from command line to 'False'
[0.434s] Level 5:colcon.colcon_core.verb:set package 'px4_msgs' build argument 'cmake_clean_cache' from command line to 'False'
[0.434s] Level 5:colcon.colcon_core.verb:set package 'px4_msgs' build argument 'cmake_clean_first' from command line to 'False'
[0.434s] Level 5:colcon.colcon_core.verb:set package 'px4_msgs' build argument 'cmake_force_configure' from command line to 'False'
[0.434s] Level 5:colcon.colcon_core.verb:set package 'px4_msgs' build argument 'ament_cmake_args' from command line to 'None'
[0.434s] Level 5:colcon.colcon_core.verb:set package 'px4_msgs' build argument 'catkin_cmake_args' from command line to 'None'
[0.434s] Level 5:colcon.colcon_core.verb:set package 'px4_msgs' build argument 'catkin_skip_building_tests' from command line to 'False'
[0.434s] DEBUG:colcon.colcon_core.verb:Building package 'px4_msgs' with the following arguments: {'ament_cmake_args': None, 'build_base': '/home/acai0804/ys25_ws/build/px4_msgs', 'catkin_cmake_args': None, 'catkin_skip_building_tests': False, 'cmake_args': None, 'cmake_clean_cache': False, 'cmake_clean_first': False, 'cmake_force_configure': False, 'cmake_target': None, 'cmake_target_skip_unavailable': False, 'install_base': '/home/acai0804/ys25_ws/install/px4_msgs', 'merge_install': False, 'path': '/home/acai0804/ys25_ws/src/px4_msgs', 'symlink_install': False, 'test_result_base': None}
[0.434s] Level 5:colcon.colcon_core.verb:set package 'dontscrewthepooch' build argument 'cmake_args' from command line to 'None'
[0.434s] Level 5:colcon.colcon_core.verb:set package 'dontscrewthepooch' build argument 'cmake_target' from command line to 'None'
[0.434s] Level 5:colcon.colcon_core.verb:set package 'dontscrewthepooch' build argument 'cmake_target_skip_unavailable' from command line to 'False'
[0.434s] Level 5:colcon.colcon_core.verb:set package 'dontscrewthepooch' build argument 'cmake_clean_cache' from command line to 'False'
[0.434s] Level 5:colcon.colcon_core.verb:set package 'dontscrewthepooch' build argument 'cmake_clean_first' from command line to 'False'
[0.434s] Level 5:colcon.colcon_core.verb:set package 'dontscrewthepooch' build argument 'cmake_force_configure' from command line to 'False'
[0.434s] Level 5:colcon.colcon_core.verb:set package 'dontscrewthepooch' build argument 'ament_cmake_args' from command line to 'None'
[0.434s] Level 5:colcon.colcon_core.verb:set package 'dontscrewthepooch' build argument 'catkin_cmake_args' from command line to 'None'
[0.434s] Level 5:colcon.colcon_core.verb:set package 'dontscrewthepooch' build argument 'catkin_skip_building_tests' from command line to 'False'
[0.434s] DEBUG:colcon.colcon_core.verb:Building package 'dontscrewthepooch' with the following arguments: {'ament_cmake_args': None, 'build_base': '/home/acai0804/ys25_ws/build/dontscrewthepooch', 'catkin_cmake_args': None, 'catkin_skip_building_tests': False, 'cmake_args': None, 'cmake_clean_cache': False, 'cmake_clean_first': False, 'cmake_force_configure': False, 'cmake_target': None, 'cmake_target_skip_unavailable': False, 'install_base': '/home/acai0804/ys25_ws/install/dontscrewthepooch', 'merge_install': False, 'path': '/home/acai0804/ys25_ws/src/dontscrewthepooch', 'symlink_install': False, 'test_result_base': None}
[0.435s] Level 5:colcon.colcon_core.verb:set package 'mission_control' build argument 'cmake_args' from command line to 'None'
[0.435s] Level 5:colcon.colcon_core.verb:set package 'mission_control' build argument 'cmake_target' from command line to 'None'
[0.435s] Level 5:colcon.colcon_core.verb:set package 'mission_control' build argument 'cmake_target_skip_unavailable' from command line to 'False'
[0.435s] Level 5:colcon.colcon_core.verb:set package 'mission_control' build argument 'cmake_clean_cache' from command line to 'False'
[0.435s] Level 5:colcon.colcon_core.verb:set package 'mission_control' build argument 'cmake_clean_first' from command line to 'False'
[0.435s] Level 5:colcon.colcon_core.verb:set package 'mission_control' build argument 'cmake_force_configure' from command line to 'False'
[0.435s] Level 5:colcon.colcon_core.verb:set package 'mission_control' build argument 'ament_cmake_args' from command line to 'None'
[0.435s] Level 5:colcon.colcon_core.verb:set package 'mission_control' build argument 'catkin_cmake_args' from command line to 'None'
[0.435s] Level 5:colcon.colcon_core.verb:set package 'mission_control' build argument 'catkin_skip_building_tests' from command line to 'False'
[0.435s] DEBUG:colcon.colcon_core.verb:Building package 'mission_control' with the following arguments: {'ament_cmake_args': None, 'build_base': '/home/acai0804/ys25_ws/build/mission_control', 'catkin_cmake_args': None, 'catkin_skip_building_tests': False, 'cmake_args': None, 'cmake_clean_cache': False, 'cmake_clean_first': False, 'cmake_force_configure': False, 'cmake_target': None, 'cmake_target_skip_unavailable': False, 'install_base': '/home/acai0804/ys25_ws/install/mission_control', 'merge_install': False, 'path': '/home/acai0804/ys25_ws/src/mission_control', 'symlink_install': False, 'test_result_base': None}
[0.435s] INFO:colcon.colcon_core.executor:Executing jobs using 'parallel' executor
[0.436s] DEBUG:colcon.colcon_parallel_executor.executor.parallel:run_until_complete
[0.436s] INFO:colcon.colcon_ros.task.ament_cmake.build:Building ROS package in '/home/acai0804/ys25_ws/src/px4_msgs' with build type 'ament_cmake'
[0.436s] INFO:colcon.colcon_cmake.task.cmake.build:Building CMake package in '/home/acai0804/ys25_ws/src/px4_msgs'
[0.438s] INFO:colcon.colcon_core.plugin_system:Skipping extension 'colcon_core.shell.bat': Not used on non-Windows systems
[0.439s] INFO:colcon.colcon_core.shell:Skip shell extension 'powershell' for command environment: Not usable outside of PowerShell
[0.439s] DEBUG:colcon.colcon_core.shell:Skip shell extension 'dsv' for command environment
[0.447s] DEBUG:colcon.colcon_core.event_handler.log_command:Invoking command in '/home/acai0804/ys25_ws/build/px4_msgs': CMAKE_PREFIX_PATH=${CMAKE_PREFIX_PATH}:/home/acai0804/ys25_ws/install/mission_control:/home/acai0804/ys25_ws/install/dontscrewthepooch:/opt/ros/humble /usr/bin/cmake /home/acai0804/ys25_ws/src/px4_msgs -DCMAKE_INSTALL_PREFIX=/home/acai0804/ys25_ws/install/px4_msgs
[4.440s] DEBUG:colcon.colcon_core.event_handler.log_command:Invoked command in '/home/acai0804/ys25_ws/build/px4_msgs' returned '0': CMAKE_PREFIX_PATH=${CMAKE_PREFIX_PATH}:/home/acai0804/ys25_ws/install/mission_control:/home/acai0804/ys25_ws/install/dontscrewthepooch:/opt/ros/humble /usr/bin/cmake /home/acai0804/ys25_ws/src/px4_msgs -DCMAKE_INSTALL_PREFIX=/home/acai0804/ys25_ws/install/px4_msgs
[4.442s] DEBUG:colcon.colcon_core.event_handler.log_command:Invoking command in '/home/acai0804/ys25_ws/build/px4_msgs': CMAKE_PREFIX_PATH=${CMAKE_PREFIX_PATH}:/home/acai0804/ys25_ws/install/mission_control:/home/acai0804/ys25_ws/install/dontscrewthepooch:/opt/ros/humble /usr/bin/cmake --build /home/acai0804/ys25_ws/build/px4_msgs -- -j8 -l8
[419.197s] DEBUG:colcon.colcon_core.event_handler.log_command:Invoked command in '/home/acai0804/ys25_ws/build/px4_msgs' returned '0': CMAKE_PREFIX_PATH=${CMAKE_PREFIX_PATH}:/home/acai0804/ys25_ws/install/mission_control:/home/acai0804/ys25_ws/install/dontscrewthepooch:/opt/ros/humble /usr/bin/cmake --build /home/acai0804/ys25_ws/build/px4_msgs -- -j8 -l8
[419.209s] DEBUG:colcon.colcon_core.event_handler.log_command:Invoking command in '/home/acai0804/ys25_ws/build/px4_msgs': CMAKE_PREFIX_PATH=${CMAKE_PREFIX_PATH}:/home/acai0804/ys25_ws/install/mission_control:/home/acai0804/ys25_ws/install/dontscrewthepooch:/opt/ros/humble /usr/bin/cmake --install /home/acai0804/ys25_ws/build/px4_msgs
[420.536s] Level 1:colcon.colcon_core.environment:create_environment_scripts_only(px4_msgs)
[420.537s] DEBUG:colcon.colcon_core.event_handler.log_command:Invoked command in '/home/acai0804/ys25_ws/build/px4_msgs' returned '0': CMAKE_PREFIX_PATH=${CMAKE_PREFIX_PATH}:/home/acai0804/ys25_ws/install/mission_control:/home/acai0804/ys25_ws/install/dontscrewthepooch:/opt/ros/humble /usr/bin/cmake --install /home/acai0804/ys25_ws/build/px4_msgs
[420.539s] Level 1:colcon.colcon_core.environment:checking '/home/acai0804/ys25_ws/install/px4_msgs' for CMake module files
[420.540s] Level 1:colcon.colcon_core.environment:checking '/home/acai0804/ys25_ws/install/px4_msgs' for CMake config files
[420.540s] Level 1:colcon.colcon_core.shell:create_environment_hook('px4_msgs', 'cmake_prefix_path')
[420.540s] INFO:colcon.colcon_core.shell:Creating environment hook '/home/acai0804/ys25_ws/install/px4_msgs/share/px4_msgs/hook/cmake_prefix_path.ps1'
[420.541s] INFO:colcon.colcon_core.shell:Creating environment descriptor '/home/acai0804/ys25_ws/install/px4_msgs/share/px4_msgs/hook/cmake_prefix_path.dsv'
[420.541s] INFO:colcon.colcon_core.shell:Creating environment hook '/home/acai0804/ys25_ws/install/px4_msgs/share/px4_msgs/hook/cmake_prefix_path.sh'
[420.542s] Level 1:colcon.colcon_core.environment:checking '/home/acai0804/ys25_ws/install/px4_msgs/lib'
[420.542s] Level 1:colcon.colcon_core.shell:create_environment_hook('px4_msgs', 'ld_library_path_lib')
[420.543s] INFO:colcon.colcon_core.shell:Creating environment hook '/home/acai0804/ys25_ws/install/px4_msgs/share/px4_msgs/hook/ld_library_path_lib.ps1'
[420.543s] INFO:colcon.colcon_core.shell:Creating environment descriptor '/home/acai0804/ys25_ws/install/px4_msgs/share/px4_msgs/hook/ld_library_path_lib.dsv'
[420.543s] INFO:colcon.colcon_core.shell:Creating environment hook '/home/acai0804/ys25_ws/install/px4_msgs/share/px4_msgs/hook/ld_library_path_lib.sh'
[420.544s] Level 1:colcon.colcon_core.environment:checking '/home/acai0804/ys25_ws/install/px4_msgs/bin'
[420.544s] Level 1:colcon.colcon_core.environment:checking '/home/acai0804/ys25_ws/install/px4_msgs/lib/pkgconfig/px4_msgs.pc'
[420.544s] Level 1:colcon.colcon_core.environment:checking '/home/acai0804/ys25_ws/install/px4_msgs/lib/python3.10/site-packages'
[420.544s] Level 1:colcon.colcon_core.environment:checking '/home/acai0804/ys25_ws/install/px4_msgs/bin'
[420.545s] INFO:colcon.colcon_core.shell:Creating package script '/home/acai0804/ys25_ws/install/px4_msgs/share/px4_msgs/package.ps1'
[420.546s] INFO:colcon.colcon_core.shell:Creating package descriptor '/home/acai0804/ys25_ws/install/px4_msgs/share/px4_msgs/package.dsv'
[420.547s] INFO:colcon.colcon_core.shell:Creating package script '/home/acai0804/ys25_ws/install/px4_msgs/share/px4_msgs/package.sh'
[420.548s] INFO:colcon.colcon_core.shell:Creating package script '/home/acai0804/ys25_ws/install/px4_msgs/share/px4_msgs/package.bash'
[420.549s] INFO:colcon.colcon_core.shell:Creating package script '/home/acai0804/ys25_ws/install/px4_msgs/share/px4_msgs/package.zsh'
[420.550s] Level 1:colcon.colcon_core.environment:create_file_with_runtime_dependencies(/home/acai0804/ys25_ws/install/px4_msgs/share/colcon-core/packages/px4_msgs)
[420.550s] Level 1:colcon.colcon_core.environment:create_environment_scripts_only(px4_msgs)
[420.551s] Level 1:colcon.colcon_core.environment:checking '/home/acai0804/ys25_ws/install/px4_msgs' for CMake module files
[420.551s] Level 1:colcon.colcon_core.environment:checking '/home/acai0804/ys25_ws/install/px4_msgs' for CMake config files
[420.552s] Level 1:colcon.colcon_core.shell:create_environment_hook('px4_msgs', 'cmake_prefix_path')
[420.552s] INFO:colcon.colcon_core.shell:Creating environment hook '/home/acai0804/ys25_ws/install/px4_msgs/share/px4_msgs/hook/cmake_prefix_path.ps1'
[420.552s] INFO:colcon.colcon_core.shell:Creating environment descriptor '/home/acai0804/ys25_ws/install/px4_msgs/share/px4_msgs/hook/cmake_prefix_path.dsv'
[420.553s] INFO:colcon.colcon_core.shell:Creating environment hook '/home/acai0804/ys25_ws/install/px4_msgs/share/px4_msgs/hook/cmake_prefix_path.sh'
[420.553s] Level 1:colcon.colcon_core.environment:checking '/home/acai0804/ys25_ws/install/px4_msgs/lib'
[420.553s] Level 1:colcon.colcon_core.shell:create_environment_hook('px4_msgs', 'ld_library_path_lib')
[420.554s] INFO:colcon.colcon_core.shell:Creating environment hook '/home/acai0804/ys25_ws/install/px4_msgs/share/px4_msgs/hook/ld_library_path_lib.ps1'
[420.554s] INFO:colcon.colcon_core.shell:Creating environment descriptor '/home/acai0804/ys25_ws/install/px4_msgs/share/px4_msgs/hook/ld_library_path_lib.dsv'
[420.554s] INFO:colcon.colcon_core.shell:Creating environment hook '/home/acai0804/ys25_ws/install/px4_msgs/share/px4_msgs/hook/ld_library_path_lib.sh'
[420.555s] Level 1:colcon.colcon_core.environment:checking '/home/acai0804/ys25_ws/install/px4_msgs/bin'
[420.555s] Level 1:colcon.colcon_core.environment:checking '/home/acai0804/ys25_ws/install/px4_msgs/lib/pkgconfig/px4_msgs.pc'
[420.555s] Level 1:colcon.colcon_core.environment:checking '/home/acai0804/ys25_ws/install/px4_msgs/lib/python3.10/site-packages'
[420.555s] Level 1:colcon.colcon_core.environment:checking '/home/acai0804/ys25_ws/install/px4_msgs/bin'
[420.556s] INFO:colcon.colcon_core.shell:Creating package script '/home/acai0804/ys25_ws/install/px4_msgs/share/px4_msgs/package.ps1'
[420.557s] INFO:colcon.colcon_core.shell:Creating package descriptor '/home/acai0804/ys25_ws/install/px4_msgs/share/px4_msgs/package.dsv'
[420.557s] INFO:colcon.colcon_core.shell:Creating package script '/home/acai0804/ys25_ws/install/px4_msgs/share/px4_msgs/package.sh'
[420.558s] INFO:colcon.colcon_core.shell:Creating package script '/home/acai0804/ys25_ws/install/px4_msgs/share/px4_msgs/package.bash'
[420.558s] INFO:colcon.colcon_core.shell:Creating package script '/home/acai0804/ys25_ws/install/px4_msgs/share/px4_msgs/package.zsh'
[420.559s] Level 1:colcon.colcon_core.environment:create_file_with_runtime_dependencies(/home/acai0804/ys25_ws/install/px4_msgs/share/colcon-core/packages/px4_msgs)
[420.559s] INFO:colcon.colcon_ros.task.ament_python.build:Building ROS package in '/home/acai0804/ys25_ws/src/dontscrewthepooch' with build type 'ament_python'
[420.559s] Level 1:colcon.colcon_core.shell:create_environment_hook('dontscrewthepooch', 'ament_prefix_path')
[420.560s] INFO:colcon.colcon_core.shell:Creating environment hook '/home/acai0804/ys25_ws/install/dontscrewthepooch/share/dontscrewthepooch/hook/ament_prefix_path.ps1'
[420.561s] INFO:colcon.colcon_core.shell:Creating environment descriptor '/home/acai0804/ys25_ws/install/dontscrewthepooch/share/dontscrewthepooch/hook/ament_prefix_path.dsv'
[420.561s] INFO:colcon.colcon_core.shell:Creating environment hook '/home/acai0804/ys25_ws/install/dontscrewthepooch/share/dontscrewthepooch/hook/ament_prefix_path.sh'
[420.562s] INFO:colcon.colcon_core.shell:Skip shell extension 'powershell' for command environment: Not usable outside of PowerShell
[420.562s] DEBUG:colcon.colcon_core.shell:Skip shell extension 'dsv' for command environment
[420.904s] INFO:colcon.colcon_core.task.python.build:Building Python package in '/home/acai0804/ys25_ws/src/dontscrewthepooch'
[420.905s] INFO:colcon.colcon_core.shell:Skip shell extension 'powershell' for command environment: Not usable outside of PowerShell
[420.905s] DEBUG:colcon.colcon_core.shell:Skip shell extension 'dsv' for command environment
[421.325s] DEBUG:colcon.colcon_core.event_handler.log_command:Invoking command in '/home/acai0804/ys25_ws/src/dontscrewthepooch': PYTHONPATH=/home/acai0804/ys25_ws/build/dontscrewthepooch/prefix_override:/usr/lib/python3/dist-packages/colcon_core/task/python/colcon_distutils_commands:/home/acai0804/ys25_ws/install/dontscrewthepooch/lib/python3.10/site-packages:${PYTHONPATH} /usr/bin/python3 -W ignore:setup.py install is deprecated -W ignore:easy_install command is deprecated setup.py egg_info --egg-base ../../build/dontscrewthepooch build --build-base /home/acai0804/ys25_ws/build/dontscrewthepooch/build install --record /home/acai0804/ys25_ws/build/dontscrewthepooch/install.log --single-version-externally-managed install_data
[421.697s] Level 1:colcon.colcon_core.environment:checking '/home/acai0804/ys25_ws/install/dontscrewthepooch' for CMake module files
[421.698s] DEBUG:colcon.colcon_core.event_handler.log_command:Invoked command in '/home/acai0804/ys25_ws/src/dontscrewthepooch' returned '0': PYTHONPATH=/home/acai0804/ys25_ws/build/dontscrewthepooch/prefix_override:/usr/lib/python3/dist-packages/colcon_core/task/python/colcon_distutils_commands:/home/acai0804/ys25_ws/install/dontscrewthepooch/lib/python3.10/site-packages:${PYTHONPATH} /usr/bin/python3 -W ignore:setup.py install is deprecated -W ignore:easy_install command is deprecated setup.py egg_info --egg-base ../../build/dontscrewthepooch build --build-base /home/acai0804/ys25_ws/build/dontscrewthepooch/build install --record /home/acai0804/ys25_ws/build/dontscrewthepooch/install.log --single-version-externally-managed install_data
[421.698s] Level 1:colcon.colcon_core.environment:checking '/home/acai0804/ys25_ws/install/dontscrewthepooch' for CMake config files
[421.699s] Level 1:colcon.colcon_core.environment:checking '/home/acai0804/ys25_ws/install/dontscrewthepooch/lib'
[421.699s] Level 1:colcon.colcon_core.environment:checking '/home/acai0804/ys25_ws/install/dontscrewthepooch/bin'
[421.699s] Level 1:colcon.colcon_core.environment:checking '/home/acai0804/ys25_ws/install/dontscrewthepooch/lib/pkgconfig/dontscrewthepooch.pc'
[421.699s] Level 1:colcon.colcon_core.environment:checking '/home/acai0804/ys25_ws/install/dontscrewthepooch/lib/python3.10/site-packages'
[421.699s] Level 1:colcon.colcon_core.shell:create_environment_hook('dontscrewthepooch', 'pythonpath')
[421.699s] INFO:colcon.colcon_core.shell:Creating environment hook '/home/acai0804/ys25_ws/install/dontscrewthepooch/share/dontscrewthepooch/hook/pythonpath.ps1'
[421.700s] INFO:colcon.colcon_core.shell:Creating environment descriptor '/home/acai0804/ys25_ws/install/dontscrewthepooch/share/dontscrewthepooch/hook/pythonpath.dsv'
[421.700s] INFO:colcon.colcon_core.shell:Creating environment hook '/home/acai0804/ys25_ws/install/dontscrewthepooch/share/dontscrewthepooch/hook/pythonpath.sh'
[421.701s] Level 1:colcon.colcon_core.environment:checking '/home/acai0804/ys25_ws/install/dontscrewthepooch/bin'
[421.701s] Level 1:colcon.colcon_core.environment:create_environment_scripts_only(dontscrewthepooch)
[421.701s] INFO:colcon.colcon_core.shell:Creating package script '/home/acai0804/ys25_ws/install/dontscrewthepooch/share/dontscrewthepooch/package.ps1'
[421.701s] INFO:colcon.colcon_core.shell:Creating package descriptor '/home/acai0804/ys25_ws/install/dontscrewthepooch/share/dontscrewthepooch/package.dsv'
[421.702s] INFO:colcon.colcon_core.shell:Creating package script '/home/acai0804/ys25_ws/install/dontscrewthepooch/share/dontscrewthepooch/package.sh'
[421.702s] INFO:colcon.colcon_core.shell:Creating package script '/home/acai0804/ys25_ws/install/dontscrewthepooch/share/dontscrewthepooch/package.bash'
[421.702s] INFO:colcon.colcon_core.shell:Creating package script '/home/acai0804/ys25_ws/install/dontscrewthepooch/share/dontscrewthepooch/package.zsh'
[421.703s] Level 1:colcon.colcon_core.environment:create_file_with_runtime_dependencies(/home/acai0804/ys25_ws/install/dontscrewthepooch/share/colcon-core/packages/dontscrewthepooch)
[421.703s] INFO:colcon.colcon_ros.task.ament_python.build:Building ROS package in '/home/acai0804/ys25_ws/src/mission_control' with build type 'ament_python'
[421.704s] Level 1:colcon.colcon_core.shell:create_environment_hook('mission_control', 'ament_prefix_path')
[421.704s] INFO:colcon.colcon_core.shell:Creating environment hook '/home/acai0804/ys25_ws/install/mission_control/share/mission_control/hook/ament_prefix_path.ps1'
[421.705s] INFO:colcon.colcon_core.shell:Creating environment descriptor '/home/acai0804/ys25_ws/install/mission_control/share/mission_control/hook/ament_prefix_path.dsv'
[421.705s] INFO:colcon.colcon_core.shell:Creating environment hook '/home/acai0804/ys25_ws/install/mission_control/share/mission_control/hook/ament_prefix_path.sh'
[421.705s] INFO:colcon.colcon_core.shell:Skip shell extension 'powershell' for command environment: Not usable outside of PowerShell
[421.705s] DEBUG:colcon.colcon_core.shell:Skip shell extension 'dsv' for command environment
[422.035s] INFO:colcon.colcon_core.task.python.build:Building Python package in '/home/acai0804/ys25_ws/src/mission_control'
[422.036s] INFO:colcon.colcon_core.shell:Skip shell extension 'powershell' for command environment: Not usable outside of PowerShell
[422.036s] DEBUG:colcon.colcon_core.shell:Skip shell extension 'dsv' for command environment
[422.436s] DEBUG:colcon.colcon_core.event_handler.log_command:Invoking command in '/home/acai0804/ys25_ws/src/mission_control': AMENT_PREFIX_PATH=/home/acai0804/ys25_ws/install/dontscrewthepooch:/home/acai0804/ys25_ws/install/mission_control:/home/acai0804/ys25_ws/install/px4_msgs:/opt/ros/humble PYTHONPATH=/home/acai0804/ys25_ws/build/mission_control/prefix_override:/usr/lib/python3/dist-packages/colcon_core/task/python/colcon_distutils_commands:/home/acai0804/ys25_ws/install/mission_control/lib/python3.10/site-packages:/home/acai0804/ys25_ws/install/dontscrewthepooch/lib/python3.10/site-packages:/home/acai0804/ys25_ws/install/mission_control/lib/python3.10/site-packages:/home/acai0804/ys25_ws/install/px4_msgs/local/lib/python3.10/dist-packages:/opt/ros/humble/lib/python3.10/site-packages:/opt/ros/humble/local/lib/python3.10/dist-packages /usr/bin/python3 -W ignore:setup.py install is deprecated -W ignore:easy_install command is deprecated setup.py egg_info --egg-base ../../build/mission_control build --build-base /home/acai0804/ys25_ws/build/mission_control/build install --record /home/acai0804/ys25_ws/build/mission_control/install.log --single-version-externally-managed install_data
[422.810s] Level 1:colcon.colcon_core.environment:checking '/home/acai0804/ys25_ws/install/mission_control' for CMake module files
[422.811s] DEBUG:colcon.colcon_core.event_handler.log_command:Invoked command in '/home/acai0804/ys25_ws/src/mission_control' returned '0': AMENT_PREFIX_PATH=/home/acai0804/ys25_ws/install/dontscrewthepooch:/home/acai0804/ys25_ws/install/mission_control:/home/acai0804/ys25_ws/install/px4_msgs:/opt/ros/humble PYTHONPATH=/home/acai0804/ys25_ws/build/mission_control/prefix_override:/usr/lib/python3/dist-packages/colcon_core/task/python/colcon_distutils_commands:/home/acai0804/ys25_ws/install/mission_control/lib/python3.10/site-packages:/home/acai0804/ys25_ws/install/dontscrewthepooch/lib/python3.10/site-packages:/home/acai0804/ys25_ws/install/mission_control/lib/python3.10/site-packages:/home/acai0804/ys25_ws/install/px4_msgs/local/lib/python3.10/dist-packages:/opt/ros/humble/lib/python3.10/site-packages:/opt/ros/humble/local/lib/python3.10/dist-packages /usr/bin/python3 -W ignore:setup.py install is deprecated -W ignore:easy_install command is deprecated setup.py egg_info --egg-base ../../build/mission_control build --build-base /home/acai0804/ys25_ws/build/mission_control/build install --record /home/acai0804/ys25_ws/build/mission_control/install.log --single-version-externally-managed install_data
[422.811s] Level 1:colcon.colcon_core.environment:checking '/home/acai0804/ys25_ws/install/mission_control' for CMake config files
[422.811s] Level 1:colcon.colcon_core.environment:checking '/home/acai0804/ys25_ws/install/mission_control/lib'
[422.812s] Level 1:colcon.colcon_core.environment:checking '/home/acai0804/ys25_ws/install/mission_control/bin'
[422.812s] Level 1:colcon.colcon_core.environment:checking '/home/acai0804/ys25_ws/install/mission_control/lib/pkgconfig/mission_control.pc'
[422.812s] Level 1:colcon.colcon_core.environment:checking '/home/acai0804/ys25_ws/install/mission_control/lib/python3.10/site-packages'
[422.812s] Level 1:colcon.colcon_core.shell:create_environment_hook('mission_control', 'pythonpath')
[422.812s] INFO:colcon.colcon_core.shell:Creating environment hook '/home/acai0804/ys25_ws/install/mission_control/share/mission_control/hook/pythonpath.ps1'
[422.813s] INFO:colcon.colcon_core.shell:Creating environment descriptor '/home/acai0804/ys25_ws/install/mission_control/share/mission_control/hook/pythonpath.dsv'
[422.813s] INFO:colcon.colcon_core.shell:Creating environment hook '/home/acai0804/ys25_ws/install/mission_control/share/mission_control/hook/pythonpath.sh'
[422.813s] Level 1:colcon.colcon_core.environment:checking '/home/acai0804/ys25_ws/install/mission_control/bin'
[422.813s] Level 1:colcon.colcon_core.environment:create_environment_scripts_only(mission_control)
[422.814s] INFO:colcon.colcon_core.shell:Creating package script '/home/acai0804/ys25_ws/install/mission_control/share/mission_control/package.ps1'
[422.814s] INFO:colcon.colcon_core.shell:Creating package descriptor '/home/acai0804/ys25_ws/install/mission_control/share/mission_control/package.dsv'
[422.815s] INFO:colcon.colcon_core.shell:Creating package script '/home/acai0804/ys25_ws/install/mission_control/share/mission_control/package.sh'
[422.815s] INFO:colcon.colcon_core.shell:Creating package script '/home/acai0804/ys25_ws/install/mission_control/share/mission_control/package.bash'
[422.816s] INFO:colcon.colcon_core.shell:Creating package script '/home/acai0804/ys25_ws/install/mission_control/share/mission_control/package.zsh'
[422.816s] Level 1:colcon.colcon_core.environment:create_file_with_runtime_dependencies(/home/acai0804/ys25_ws/install/mission_control/share/colcon-core/packages/mission_control)
[422.816s] DEBUG:colcon.colcon_parallel_executor.executor.parallel:closing loop
[422.816s] DEBUG:colcon.colcon_parallel_executor.executor.parallel:loop closed
[422.816s] DEBUG:colcon.colcon_parallel_executor.executor.parallel:run_until_complete finished with '0'
[422.817s] DEBUG:colcon.colcon_core.event_reactor:joining thread
[422.821s] INFO:colcon.colcon_core.plugin_system:Skipping extension 'colcon_notification.desktop_notification.terminal_notifier': Not used on non-Darwin systems
[422.821s] INFO:colcon.colcon_core.plugin_system:Skipping extension 'colcon_notification.desktop_notification.win32': Not used on non-Windows systems
[422.821s] INFO:colcon.colcon_notification.desktop_notification:Sending desktop notification using 'notify2'
[422.833s] DEBUG:colcon.colcon_core.event_reactor:joined thread
[422.833s] INFO:colcon.colcon_core.shell:Creating prefix script '/home/acai0804/ys25_ws/install/local_setup.ps1'
[422.835s] INFO:colcon.colcon_core.shell:Creating prefix util module '/home/acai0804/ys25_ws/install/_local_setup_util_ps1.py'
[422.836s] INFO:colcon.colcon_core.shell:Creating prefix chain script '/home/acai0804/ys25_ws/install/setup.ps1'
[422.838s] INFO:colcon.colcon_core.shell:Creating prefix script '/home/acai0804/ys25_ws/install/local_setup.sh'
[422.838s] INFO:colcon.colcon_core.shell:Creating prefix util module '/home/acai0804/ys25_ws/install/_local_setup_util_sh.py'
[422.839s] INFO:colcon.colcon_core.shell:Creating prefix chain script '/home/acai0804/ys25_ws/install/setup.sh'
[422.840s] INFO:colcon.colcon_core.shell:Creating prefix script '/home/acai0804/ys25_ws/install/local_setup.bash'
[422.840s] INFO:colcon.colcon_core.shell:Creating prefix chain script '/home/acai0804/ys25_ws/install/setup.bash'
[422.841s] INFO:colcon.colcon_core.shell:Creating prefix script '/home/acai0804/ys25_ws/install/local_setup.zsh'
[422.842s] INFO:colcon.colcon_core.shell:Creating prefix chain script '/home/acai0804/ys25_ws/install/setup.zsh'
