[0.243s] DEBUG:colcon:Command line arguments: ['/usr/bin/colcon', 'build']
[0.243s] DEBUG:colcon:Parsed command line arguments: Namespace(log_base=None, log_level=None, verb_name='build', build_base='build', install_base='install', merge_install=False, symlink_install=False, test_result_base=None, continue_on_error=False, executor='parallel', parallel_workers=8, event_handlers=None, ignore_user_meta=False, metas=['./colcon.meta'], base_paths=['.'], packages_ignore=None, packages_ignore_regex=None, paths=None, packages_up_to=None, packages_up_to_regex=None, packages_above=None, packages_above_and_dependencies=None, packages_above_depth=None, packages_select_by_dep=None, packages_skip_by_dep=None, packages_skip_up_to=None, packages_select_build_failed=False, packages_skip_build_finished=False, packages_select_test_failures=False, packages_skip_test_passed=False, packages_select=None, packages_skip=None, packages_select_regex=None, packages_skip_regex=None, packages_start=None, packages_end=None, allow_overriding=[], cmake_args=None, cmake_target=None, cmake_target_skip_unavailable=False, cmake_clean_cache=False, cmake_clean_first=False, cmake_force_configure=False, ament_cmake_args=None, catkin_cmake_args=None, catkin_skip_building_tests=False, mixin_files=None, mixin=None, verb_parser=<colcon_mixin.mixin.mixin_argument.MixinArgumentDecorator object at 0x7cb3ba65ee90>, verb_extension=<colcon_core.verb.build.BuildVerb object at 0x7cb3ba620340>, main=<bound method BuildVerb.main of <colcon_core.verb.build.BuildVerb object at 0x7cb3ba620340>>, mixin_verb=('build',))
[0.739s] Level 1:colcon.colcon_core.package_discovery:discover_packages(colcon_meta) check parameters
[0.740s] Level 1:colcon.colcon_core.package_discovery:discover_packages(recursive) check parameters
[0.740s] Level 1:colcon.colcon_core.package_discovery:discover_packages(ignore) check parameters
[0.740s] Level 1:colcon.colcon_core.package_discovery:discover_packages(path) check parameters
[0.740s] Level 1:colcon.colcon_core.package_discovery:discover_packages(colcon_meta) discover
[0.740s] Level 1:colcon.colcon_core.package_discovery:discover_packages(recursive) discover
[0.740s] INFO:colcon.colcon_core.package_discovery:Crawling recursively for packages in '/home/acai0804/ys25_ws'
[0.740s] Level 1:colcon.colcon_core.package_identification:_identify(.) by extensions ['ignore', 'ignore_ament_install']
[0.741s] Level 1:colcon.colcon_core.package_identification:_identify(.) by extension 'ignore'
[0.741s] Level 1:colcon.colcon_core.package_identification:_identify(.) by extension 'ignore_ament_install'
[0.741s] Level 1:colcon.colcon_core.package_identification:_identify(.) by extensions ['colcon_pkg']
[0.741s] Level 1:colcon.colcon_core.package_identification:_identify(.) by extension 'colcon_pkg'
[0.741s] Level 1:colcon.colcon_core.package_identification:_identify(.) by extensions ['colcon_meta']
[0.741s] Level 1:colcon.colcon_core.package_identification:_identify(.) by extension 'colcon_meta'
[0.741s] Level 1:colcon.colcon_core.package_identification:_identify(.) by extensions ['ros']
[0.741s] Level 1:colcon.colcon_core.package_identification:_identify(.) by extension 'ros'
[0.765s] Level 1:colcon.colcon_core.package_identification:_identify(.) by extensions ['cmake', 'python']
[0.765s] Level 1:colcon.colcon_core.package_identification:_identify(.) by extension 'cmake'
[0.765s] Level 1:colcon.colcon_core.package_identification:_identify(.) by extension 'python'
[0.765s] Level 1:colcon.colcon_core.package_identification:_identify(.) by extensions ['python_setup_py']
[0.765s] Level 1:colcon.colcon_core.package_identification:_identify(.) by extension 'python_setup_py'
[0.766s] Level 1:colcon.colcon_core.package_identification:_identify(build) by extensions ['ignore', 'ignore_ament_install']
[0.766s] Level 1:colcon.colcon_core.package_identification:_identify(build) by extension 'ignore'
[0.766s] Level 1:colcon.colcon_core.package_identification:_identify(build) ignored
[0.766s] Level 1:colcon.colcon_core.package_identification:_identify(install) by extensions ['ignore', 'ignore_ament_install']
[0.766s] Level 1:colcon.colcon_core.package_identification:_identify(install) by extension 'ignore'
[0.767s] Level 1:colcon.colcon_core.package_identification:_identify(install) ignored
[0.767s] Level 1:colcon.colcon_core.package_identification:_identify(log) by extensions ['ignore', 'ignore_ament_install']
[0.767s] Level 1:colcon.colcon_core.package_identification:_identify(log) by extension 'ignore'
[0.767s] Level 1:colcon.colcon_core.package_identification:_identify(log) ignored
[0.767s] Level 1:colcon.colcon_core.package_identification:_identify(src) by extensions ['ignore', 'ignore_ament_install']
[0.767s] Level 1:colcon.colcon_core.package_identification:_identify(src) by extension 'ignore'
[0.767s] Level 1:colcon.colcon_core.package_identification:_identify(src) by extension 'ignore_ament_install'
[0.767s] Level 1:colcon.colcon_core.package_identification:_identify(src) by extensions ['colcon_pkg']
[0.767s] Level 1:colcon.colcon_core.package_identification:_identify(src) by extension 'colcon_pkg'
[0.768s] Level 1:colcon.colcon_core.package_identification:_identify(src) by extensions ['colcon_meta']
[0.768s] Level 1:colcon.colcon_core.package_identification:_identify(src) by extension 'colcon_meta'
[0.768s] Level 1:colcon.colcon_core.package_identification:_identify(src) by extensions ['ros']
[0.768s] Level 1:colcon.colcon_core.package_identification:_identify(src) by extension 'ros'
[0.768s] Level 1:colcon.colcon_core.package_identification:_identify(src) by extensions ['cmake', 'python']
[0.768s] Level 1:colcon.colcon_core.package_identification:_identify(src) by extension 'cmake'
[0.768s] Level 1:colcon.colcon_core.package_identification:_identify(src) by extension 'python'
[0.768s] Level 1:colcon.colcon_core.package_identification:_identify(src) by extensions ['python_setup_py']
[0.768s] Level 1:colcon.colcon_core.package_identification:_identify(src) by extension 'python_setup_py'
[0.768s] Level 1:colcon.colcon_core.package_identification:_identify(src/dontscrewthepooch) by extensions ['ignore', 'ignore_ament_install']
[0.769s] Level 1:colcon.colcon_core.package_identification:_identify(src/dontscrewthepooch) by extension 'ignore'
[0.769s] Level 1:colcon.colcon_core.package_identification:_identify(src/dontscrewthepooch) by extension 'ignore_ament_install'
[0.769s] Level 1:colcon.colcon_core.package_identification:_identify(src/dontscrewthepooch) by extensions ['colcon_pkg']
[0.769s] Level 1:colcon.colcon_core.package_identification:_identify(src/dontscrewthepooch) by extension 'colcon_pkg'
[0.769s] Level 1:colcon.colcon_core.package_identification:_identify(src/dontscrewthepooch) by extensions ['colcon_meta']
[0.769s] Level 1:colcon.colcon_core.package_identification:_identify(src/dontscrewthepooch) by extension 'colcon_meta'
[0.769s] Level 1:colcon.colcon_core.package_identification:_identify(src/dontscrewthepooch) by extensions ['ros']
[0.769s] Level 1:colcon.colcon_core.package_identification:_identify(src/dontscrewthepooch) by extension 'ros'
[0.775s] DEBUG:colcon.colcon_core.package_identification:Package 'src/dontscrewthepooch' with type 'ros.ament_python' and name 'dontscrewthepooch'
[0.775s] Level 1:colcon.colcon_core.package_identification:_identify(src/mission_control) by extensions ['ignore', 'ignore_ament_install']
[0.776s] Level 1:colcon.colcon_core.package_identification:_identify(src/mission_control) by extension 'ignore'
[0.776s] Level 1:colcon.colcon_core.package_identification:_identify(src/mission_control) by extension 'ignore_ament_install'
[0.776s] Level 1:colcon.colcon_core.package_identification:_identify(src/mission_control) by extensions ['colcon_pkg']
[0.776s] Level 1:colcon.colcon_core.package_identification:_identify(src/mission_control) by extension 'colcon_pkg'
[0.776s] Level 1:colcon.colcon_core.package_identification:_identify(src/mission_control) by extensions ['colcon_meta']
[0.776s] Level 1:colcon.colcon_core.package_identification:_identify(src/mission_control) by extension 'colcon_meta'
[0.776s] Level 1:colcon.colcon_core.package_identification:_identify(src/mission_control) by extensions ['ros']
[0.776s] Level 1:colcon.colcon_core.package_identification:_identify(src/mission_control) by extension 'ros'
[0.793s] DEBUG:colcon.colcon_core.package_identification:Package 'src/mission_control' with type 'ros.ament_python' and name 'mission_control'
[0.793s] Level 1:colcon.colcon_core.package_identification:_identify(src/px4_msgs) by extensions ['ignore', 'ignore_ament_install']
[0.793s] Level 1:colcon.colcon_core.package_identification:_identify(src/px4_msgs) by extension 'ignore'
[0.793s] Level 1:colcon.colcon_core.package_identification:_identify(src/px4_msgs) by extension 'ignore_ament_install'
[0.793s] Level 1:colcon.colcon_core.package_identification:_identify(src/px4_msgs) by extensions ['colcon_pkg']
[0.793s] Level 1:colcon.colcon_core.package_identification:_identify(src/px4_msgs) by extension 'colcon_pkg'
[0.793s] Level 1:colcon.colcon_core.package_identification:_identify(src/px4_msgs) by extensions ['colcon_meta']
[0.793s] Level 1:colcon.colcon_core.package_identification:_identify(src/px4_msgs) by extension 'colcon_meta'
[0.793s] Level 1:colcon.colcon_core.package_identification:_identify(src/px4_msgs) by extensions ['ros']
[0.794s] Level 1:colcon.colcon_core.package_identification:_identify(src/px4_msgs) by extension 'ros'
[0.795s] DEBUG:colcon.colcon_core.package_identification:Package 'src/px4_msgs' with type 'ros.ament_cmake' and name 'px4_msgs'
[0.795s] Level 1:colcon.colcon_core.package_discovery:discover_packages(recursive) using defaults
[0.795s] Level 1:colcon.colcon_core.package_discovery:discover_packages(ignore) discover
[0.796s] Level 1:colcon.colcon_core.package_discovery:discover_packages(ignore) using defaults
[0.796s] Level 1:colcon.colcon_core.package_discovery:discover_packages(path) discover
[0.796s] Level 1:colcon.colcon_core.package_discovery:discover_packages(path) using defaults
[0.840s] Level 1:colcon.colcon_core.package_discovery:discover_packages(prefix_path) check parameters
[0.840s] Level 1:colcon.colcon_core.package_discovery:discover_packages(prefix_path) discover
[0.846s] DEBUG:colcon.colcon_installed_package_information.package_discovery:Found 3 installed packages in /home/acai0804/ys25_ws/install
[0.851s] DEBUG:colcon.colcon_installed_package_information.package_discovery:Found 294 installed packages in /opt/ros/humble
[0.856s] Level 1:colcon.colcon_core.package_discovery:discover_packages(prefix_path) using defaults
[0.988s] Level 5:colcon.colcon_core.verb:set package 'px4_msgs' build argument 'cmake_args' from command line to 'None'
[0.988s] Level 5:colcon.colcon_core.verb:set package 'px4_msgs' build argument 'cmake_target' from command line to 'None'
[0.988s] Level 5:colcon.colcon_core.verb:set package 'px4_msgs' build argument 'cmake_target_skip_unavailable' from command line to 'False'
[0.988s] Level 5:colcon.colcon_core.verb:set package 'px4_msgs' build argument 'cmake_clean_cache' from command line to 'False'
[0.988s] Level 5:colcon.colcon_core.verb:set package 'px4_msgs' build argument 'cmake_clean_first' from command line to 'False'
[0.988s] Level 5:colcon.colcon_core.verb:set package 'px4_msgs' build argument 'cmake_force_configure' from command line to 'False'
[0.988s] Level 5:colcon.colcon_core.verb:set package 'px4_msgs' build argument 'ament_cmake_args' from command line to 'None'
[0.988s] Level 5:colcon.colcon_core.verb:set package 'px4_msgs' build argument 'catkin_cmake_args' from command line to 'None'
[0.988s] Level 5:colcon.colcon_core.verb:set package 'px4_msgs' build argument 'catkin_skip_building_tests' from command line to 'False'
[0.989s] DEBUG:colcon.colcon_core.verb:Building package 'px4_msgs' with the following arguments: {'ament_cmake_args': None, 'build_base': '/home/acai0804/ys25_ws/build/px4_msgs', 'catkin_cmake_args': None, 'catkin_skip_building_tests': False, 'cmake_args': None, 'cmake_clean_cache': False, 'cmake_clean_first': False, 'cmake_force_configure': False, 'cmake_target': None, 'cmake_target_skip_unavailable': False, 'install_base': '/home/acai0804/ys25_ws/install/px4_msgs', 'merge_install': False, 'path': '/home/acai0804/ys25_ws/src/px4_msgs', 'symlink_install': False, 'test_result_base': None}
[0.990s] Level 5:colcon.colcon_core.verb:set package 'dontscrewthepooch' build argument 'cmake_args' from command line to 'None'
[0.990s] Level 5:colcon.colcon_core.verb:set package 'dontscrewthepooch' build argument 'cmake_target' from command line to 'None'
[0.990s] Level 5:colcon.colcon_core.verb:set package 'dontscrewthepooch' build argument 'cmake_target_skip_unavailable' from command line to 'False'
[0.990s] Level 5:colcon.colcon_core.verb:set package 'dontscrewthepooch' build argument 'cmake_clean_cache' from command line to 'False'
[0.990s] Level 5:colcon.colcon_core.verb:set package 'dontscrewthepooch' build argument 'cmake_clean_first' from command line to 'False'
[0.990s] Level 5:colcon.colcon_core.verb:set package 'dontscrewthepooch' build argument 'cmake_force_configure' from command line to 'False'
[0.990s] Level 5:colcon.colcon_core.verb:set package 'dontscrewthepooch' build argument 'ament_cmake_args' from command line to 'None'
[0.990s] Level 5:colcon.colcon_core.verb:set package 'dontscrewthepooch' build argument 'catkin_cmake_args' from command line to 'None'
[0.990s] Level 5:colcon.colcon_core.verb:set package 'dontscrewthepooch' build argument 'catkin_skip_building_tests' from command line to 'False'
[0.990s] DEBUG:colcon.colcon_core.verb:Building package 'dontscrewthepooch' with the following arguments: {'ament_cmake_args': None, 'build_base': '/home/acai0804/ys25_ws/build/dontscrewthepooch', 'catkin_cmake_args': None, 'catkin_skip_building_tests': False, 'cmake_args': None, 'cmake_clean_cache': False, 'cmake_clean_first': False, 'cmake_force_configure': False, 'cmake_target': None, 'cmake_target_skip_unavailable': False, 'install_base': '/home/acai0804/ys25_ws/install/dontscrewthepooch', 'merge_install': False, 'path': '/home/acai0804/ys25_ws/src/dontscrewthepooch', 'symlink_install': False, 'test_result_base': None}
[0.991s] Level 5:colcon.colcon_core.verb:set package 'mission_control' build argument 'cmake_args' from command line to 'None'
[0.991s] Level 5:colcon.colcon_core.verb:set package 'mission_control' build argument 'cmake_target' from command line to 'None'
[0.991s] Level 5:colcon.colcon_core.verb:set package 'mission_control' build argument 'cmake_target_skip_unavailable' from command line to 'False'
[0.991s] Level 5:colcon.colcon_core.verb:set package 'mission_control' build argument 'cmake_clean_cache' from command line to 'False'
[0.991s] Level 5:colcon.colcon_core.verb:set package 'mission_control' build argument 'cmake_clean_first' from command line to 'False'
[0.991s] Level 5:colcon.colcon_core.verb:set package 'mission_control' build argument 'cmake_force_configure' from command line to 'False'
[0.992s] Level 5:colcon.colcon_core.verb:set package 'mission_control' build argument 'ament_cmake_args' from command line to 'None'
[0.992s] Level 5:colcon.colcon_core.verb:set package 'mission_control' build argument 'catkin_cmake_args' from command line to 'None'
[0.992s] Level 5:colcon.colcon_core.verb:set package 'mission_control' build argument 'catkin_skip_building_tests' from command line to 'False'
[0.992s] DEBUG:colcon.colcon_core.verb:Building package 'mission_control' with the following arguments: {'ament_cmake_args': None, 'build_base': '/home/acai0804/ys25_ws/build/mission_control', 'catkin_cmake_args': None, 'catkin_skip_building_tests': False, 'cmake_args': None, 'cmake_clean_cache': False, 'cmake_clean_first': False, 'cmake_force_configure': False, 'cmake_target': None, 'cmake_target_skip_unavailable': False, 'install_base': '/home/acai0804/ys25_ws/install/mission_control', 'merge_install': False, 'path': '/home/acai0804/ys25_ws/src/mission_control', 'symlink_install': False, 'test_result_base': None}
[0.992s] INFO:colcon.colcon_core.executor:Executing jobs using 'parallel' executor
[0.994s] DEBUG:colcon.colcon_parallel_executor.executor.parallel:run_until_complete
[0.994s] INFO:colcon.colcon_ros.task.ament_cmake.build:Building ROS package in '/home/acai0804/ys25_ws/src/px4_msgs' with build type 'ament_cmake'
[0.994s] INFO:colcon.colcon_cmake.task.cmake.build:Building CMake package in '/home/acai0804/ys25_ws/src/px4_msgs'
[1.002s] INFO:colcon.colcon_core.plugin_system:Skipping extension 'colcon_core.shell.bat': Not used on non-Windows systems
[1.003s] INFO:colcon.colcon_core.shell:Skip shell extension 'powershell' for command environment: Not usable outside of PowerShell
[1.003s] DEBUG:colcon.colcon_core.shell:Skip shell extension 'dsv' for command environment
[1.022s] DEBUG:colcon.colcon_core.event_handler.log_command:Invoking command in '/home/acai0804/ys25_ws/build/px4_msgs': CMAKE_PREFIX_PATH=${CMAKE_PREFIX_PATH}:/home/acai0804/ys25_ws/install/mission_control:/home/acai0804/ys25_ws/install/dontscrewthepooch:/opt/ros/humble /usr/bin/cmake --build /home/acai0804/ys25_ws/build/px4_msgs -- -j8 -l8
[4.459s] DEBUG:colcon.colcon_core.event_handler.log_command:Invoked command in '/home/acai0804/ys25_ws/build/px4_msgs' returned '0': CMAKE_PREFIX_PATH=${CMAKE_PREFIX_PATH}:/home/acai0804/ys25_ws/install/mission_control:/home/acai0804/ys25_ws/install/dontscrewthepooch:/opt/ros/humble /usr/bin/cmake --build /home/acai0804/ys25_ws/build/px4_msgs -- -j8 -l8
[4.481s] DEBUG:colcon.colcon_core.event_handler.log_command:Invoking command in '/home/acai0804/ys25_ws/build/px4_msgs': CMAKE_PREFIX_PATH=${CMAKE_PREFIX_PATH}:/home/acai0804/ys25_ws/install/mission_control:/home/acai0804/ys25_ws/install/dontscrewthepooch:/opt/ros/humble /usr/bin/cmake --install /home/acai0804/ys25_ws/build/px4_msgs
[5.363s] Level 1:colcon.colcon_core.environment:create_environment_scripts_only(px4_msgs)
[5.430s] Level 1:colcon.colcon_core.environment:checking '/home/acai0804/ys25_ws/install/px4_msgs' for CMake module files
[5.441s] Level 1:colcon.colcon_core.environment:checking '/home/acai0804/ys25_ws/install/px4_msgs' for CMake config files
[5.445s] DEBUG:colcon.colcon_core.event_handler.log_command:Invoked command in '/home/acai0804/ys25_ws/build/px4_msgs' returned '0': CMAKE_PREFIX_PATH=${CMAKE_PREFIX_PATH}:/home/acai0804/ys25_ws/install/mission_control:/home/acai0804/ys25_ws/install/dontscrewthepooch:/opt/ros/humble /usr/bin/cmake --install /home/acai0804/ys25_ws/build/px4_msgs
[5.445s] Level 1:colcon.colcon_core.shell:create_environment_hook('px4_msgs', 'cmake_prefix_path')
[5.446s] INFO:colcon.colcon_core.shell:Creating environment hook '/home/acai0804/ys25_ws/install/px4_msgs/share/px4_msgs/hook/cmake_prefix_path.ps1'
[5.448s] INFO:colcon.colcon_core.shell:Creating environment descriptor '/home/acai0804/ys25_ws/install/px4_msgs/share/px4_msgs/hook/cmake_prefix_path.dsv'
[5.450s] INFO:colcon.colcon_core.shell:Creating environment hook '/home/acai0804/ys25_ws/install/px4_msgs/share/px4_msgs/hook/cmake_prefix_path.sh'
[5.452s] Level 1:colcon.colcon_core.environment:checking '/home/acai0804/ys25_ws/install/px4_msgs/lib'
[5.453s] Level 1:colcon.colcon_core.shell:create_environment_hook('px4_msgs', 'ld_library_path_lib')
[5.453s] INFO:colcon.colcon_core.shell:Creating environment hook '/home/acai0804/ys25_ws/install/px4_msgs/share/px4_msgs/hook/ld_library_path_lib.ps1'
[5.454s] INFO:colcon.colcon_core.shell:Creating environment descriptor '/home/acai0804/ys25_ws/install/px4_msgs/share/px4_msgs/hook/ld_library_path_lib.dsv'
[5.456s] INFO:colcon.colcon_core.shell:Creating environment hook '/home/acai0804/ys25_ws/install/px4_msgs/share/px4_msgs/hook/ld_library_path_lib.sh'
[5.457s] Level 1:colcon.colcon_core.environment:checking '/home/acai0804/ys25_ws/install/px4_msgs/bin'
[5.457s] Level 1:colcon.colcon_core.environment:checking '/home/acai0804/ys25_ws/install/px4_msgs/lib/pkgconfig/px4_msgs.pc'
[5.457s] Level 1:colcon.colcon_core.environment:checking '/home/acai0804/ys25_ws/install/px4_msgs/lib/python3.10/site-packages'
[5.458s] Level 1:colcon.colcon_core.environment:checking '/home/acai0804/ys25_ws/install/px4_msgs/bin'
[5.459s] INFO:colcon.colcon_core.shell:Creating package script '/home/acai0804/ys25_ws/install/px4_msgs/share/px4_msgs/package.ps1'
[5.461s] INFO:colcon.colcon_core.shell:Creating package descriptor '/home/acai0804/ys25_ws/install/px4_msgs/share/px4_msgs/package.dsv'
[5.463s] INFO:colcon.colcon_core.shell:Creating package script '/home/acai0804/ys25_ws/install/px4_msgs/share/px4_msgs/package.sh'
[5.465s] INFO:colcon.colcon_core.shell:Creating package script '/home/acai0804/ys25_ws/install/px4_msgs/share/px4_msgs/package.bash'
[5.468s] INFO:colcon.colcon_core.shell:Creating package script '/home/acai0804/ys25_ws/install/px4_msgs/share/px4_msgs/package.zsh'
[5.469s] Level 1:colcon.colcon_core.environment:create_file_with_runtime_dependencies(/home/acai0804/ys25_ws/install/px4_msgs/share/colcon-core/packages/px4_msgs)
[5.471s] Level 1:colcon.colcon_core.environment:create_environment_scripts_only(px4_msgs)
[5.472s] Level 1:colcon.colcon_core.environment:checking '/home/acai0804/ys25_ws/install/px4_msgs' for CMake module files
[5.473s] Level 1:colcon.colcon_core.environment:checking '/home/acai0804/ys25_ws/install/px4_msgs' for CMake config files
[5.473s] Level 1:colcon.colcon_core.shell:create_environment_hook('px4_msgs', 'cmake_prefix_path')
[5.474s] INFO:colcon.colcon_core.shell:Creating environment hook '/home/acai0804/ys25_ws/install/px4_msgs/share/px4_msgs/hook/cmake_prefix_path.ps1'
[5.475s] INFO:colcon.colcon_core.shell:Creating environment descriptor '/home/acai0804/ys25_ws/install/px4_msgs/share/px4_msgs/hook/cmake_prefix_path.dsv'
[5.476s] INFO:colcon.colcon_core.shell:Creating environment hook '/home/acai0804/ys25_ws/install/px4_msgs/share/px4_msgs/hook/cmake_prefix_path.sh'
[5.478s] Level 1:colcon.colcon_core.environment:checking '/home/acai0804/ys25_ws/install/px4_msgs/lib'
[5.478s] Level 1:colcon.colcon_core.shell:create_environment_hook('px4_msgs', 'ld_library_path_lib')
[5.479s] INFO:colcon.colcon_core.shell:Creating environment hook '/home/acai0804/ys25_ws/install/px4_msgs/share/px4_msgs/hook/ld_library_path_lib.ps1'
[5.480s] INFO:colcon.colcon_core.shell:Creating environment descriptor '/home/acai0804/ys25_ws/install/px4_msgs/share/px4_msgs/hook/ld_library_path_lib.dsv'
[5.481s] INFO:colcon.colcon_core.shell:Creating environment hook '/home/acai0804/ys25_ws/install/px4_msgs/share/px4_msgs/hook/ld_library_path_lib.sh'
[5.482s] Level 1:colcon.colcon_core.environment:checking '/home/acai0804/ys25_ws/install/px4_msgs/bin'
[5.482s] Level 1:colcon.colcon_core.environment:checking '/home/acai0804/ys25_ws/install/px4_msgs/lib/pkgconfig/px4_msgs.pc'
[5.483s] Level 1:colcon.colcon_core.environment:checking '/home/acai0804/ys25_ws/install/px4_msgs/lib/python3.10/site-packages'
[5.484s] Level 1:colcon.colcon_core.environment:checking '/home/acai0804/ys25_ws/install/px4_msgs/bin'
[5.485s] INFO:colcon.colcon_core.shell:Creating package script '/home/acai0804/ys25_ws/install/px4_msgs/share/px4_msgs/package.ps1'
[5.486s] INFO:colcon.colcon_core.shell:Creating package descriptor '/home/acai0804/ys25_ws/install/px4_msgs/share/px4_msgs/package.dsv'
[5.488s] INFO:colcon.colcon_core.shell:Creating package script '/home/acai0804/ys25_ws/install/px4_msgs/share/px4_msgs/package.sh'
[5.490s] INFO:colcon.colcon_core.shell:Creating package script '/home/acai0804/ys25_ws/install/px4_msgs/share/px4_msgs/package.bash'
[5.491s] INFO:colcon.colcon_core.shell:Creating package script '/home/acai0804/ys25_ws/install/px4_msgs/share/px4_msgs/package.zsh'
[5.492s] Level 1:colcon.colcon_core.environment:create_file_with_runtime_dependencies(/home/acai0804/ys25_ws/install/px4_msgs/share/colcon-core/packages/px4_msgs)
[5.493s] INFO:colcon.colcon_ros.task.ament_python.build:Building ROS package in '/home/acai0804/ys25_ws/src/dontscrewthepooch' with build type 'ament_python'
[5.493s] Level 1:colcon.colcon_core.shell:create_environment_hook('dontscrewthepooch', 'ament_prefix_path')
[5.494s] INFO:colcon.colcon_core.shell:Creating environment hook '/home/acai0804/ys25_ws/install/dontscrewthepooch/share/dontscrewthepooch/hook/ament_prefix_path.ps1'
[5.496s] INFO:colcon.colcon_core.shell:Creating environment descriptor '/home/acai0804/ys25_ws/install/dontscrewthepooch/share/dontscrewthepooch/hook/ament_prefix_path.dsv'
[5.497s] INFO:colcon.colcon_core.shell:Creating environment hook '/home/acai0804/ys25_ws/install/dontscrewthepooch/share/dontscrewthepooch/hook/ament_prefix_path.sh'
[5.499s] INFO:colcon.colcon_core.shell:Skip shell extension 'powershell' for command environment: Not usable outside of PowerShell
[5.499s] DEBUG:colcon.colcon_core.shell:Skip shell extension 'dsv' for command environment
[6.222s] INFO:colcon.colcon_core.task.python.build:Building Python package in '/home/acai0804/ys25_ws/src/dontscrewthepooch'
[6.222s] INFO:colcon.colcon_core.shell:Skip shell extension 'powershell' for command environment: Not usable outside of PowerShell
[6.223s] DEBUG:colcon.colcon_core.shell:Skip shell extension 'dsv' for command environment
[7.056s] DEBUG:colcon.colcon_core.event_handler.log_command:Invoking command in '/home/acai0804/ys25_ws/src/dontscrewthepooch': PYTHONPATH=/home/acai0804/ys25_ws/build/dontscrewthepooch/prefix_override:/usr/lib/python3/dist-packages/colcon_core/task/python/colcon_distutils_commands:/home/acai0804/ys25_ws/install/dontscrewthepooch/lib/python3.10/site-packages:${PYTHONPATH} /usr/bin/python3 -W ignore:setup.py install is deprecated -W ignore:easy_install command is deprecated setup.py egg_info --egg-base ../../build/dontscrewthepooch build --build-base /home/acai0804/ys25_ws/build/dontscrewthepooch/build install --record /home/acai0804/ys25_ws/build/dontscrewthepooch/install.log --single-version-externally-managed install_data
[7.746s] Level 1:colcon.colcon_core.environment:checking '/home/acai0804/ys25_ws/install/dontscrewthepooch' for CMake module files
[7.747s] DEBUG:colcon.colcon_core.event_handler.log_command:Invoked command in '/home/acai0804/ys25_ws/src/dontscrewthepooch' returned '0': PYTHONPATH=/home/acai0804/ys25_ws/build/dontscrewthepooch/prefix_override:/usr/lib/python3/dist-packages/colcon_core/task/python/colcon_distutils_commands:/home/acai0804/ys25_ws/install/dontscrewthepooch/lib/python3.10/site-packages:${PYTHONPATH} /usr/bin/python3 -W ignore:setup.py install is deprecated -W ignore:easy_install command is deprecated setup.py egg_info --egg-base ../../build/dontscrewthepooch build --build-base /home/acai0804/ys25_ws/build/dontscrewthepooch/build install --record /home/acai0804/ys25_ws/build/dontscrewthepooch/install.log --single-version-externally-managed install_data
[7.748s] Level 1:colcon.colcon_core.environment:checking '/home/acai0804/ys25_ws/install/dontscrewthepooch' for CMake config files
[7.750s] Level 1:colcon.colcon_core.environment:checking '/home/acai0804/ys25_ws/install/dontscrewthepooch/lib'
[7.750s] Level 1:colcon.colcon_core.environment:checking '/home/acai0804/ys25_ws/install/dontscrewthepooch/bin'
[7.750s] Level 1:colcon.colcon_core.environment:checking '/home/acai0804/ys25_ws/install/dontscrewthepooch/lib/pkgconfig/dontscrewthepooch.pc'
[7.750s] Level 1:colcon.colcon_core.environment:checking '/home/acai0804/ys25_ws/install/dontscrewthepooch/lib/python3.10/site-packages'
[7.751s] Level 1:colcon.colcon_core.shell:create_environment_hook('dontscrewthepooch', 'pythonpath')
[7.751s] INFO:colcon.colcon_core.shell:Creating environment hook '/home/acai0804/ys25_ws/install/dontscrewthepooch/share/dontscrewthepooch/hook/pythonpath.ps1'
[7.752s] INFO:colcon.colcon_core.shell:Creating environment descriptor '/home/acai0804/ys25_ws/install/dontscrewthepooch/share/dontscrewthepooch/hook/pythonpath.dsv'
[7.752s] INFO:colcon.colcon_core.shell:Creating environment hook '/home/acai0804/ys25_ws/install/dontscrewthepooch/share/dontscrewthepooch/hook/pythonpath.sh'
[7.754s] Level 1:colcon.colcon_core.environment:checking '/home/acai0804/ys25_ws/install/dontscrewthepooch/bin'
[7.754s] Level 1:colcon.colcon_core.environment:create_environment_scripts_only(dontscrewthepooch)
[7.754s] INFO:colcon.colcon_core.shell:Creating package script '/home/acai0804/ys25_ws/install/dontscrewthepooch/share/dontscrewthepooch/package.ps1'
[7.755s] INFO:colcon.colcon_core.shell:Creating package descriptor '/home/acai0804/ys25_ws/install/dontscrewthepooch/share/dontscrewthepooch/package.dsv'
[7.756s] INFO:colcon.colcon_core.shell:Creating package script '/home/acai0804/ys25_ws/install/dontscrewthepooch/share/dontscrewthepooch/package.sh'
[7.757s] INFO:colcon.colcon_core.shell:Creating package script '/home/acai0804/ys25_ws/install/dontscrewthepooch/share/dontscrewthepooch/package.bash'
[7.758s] INFO:colcon.colcon_core.shell:Creating package script '/home/acai0804/ys25_ws/install/dontscrewthepooch/share/dontscrewthepooch/package.zsh'
[7.758s] Level 1:colcon.colcon_core.environment:create_file_with_runtime_dependencies(/home/acai0804/ys25_ws/install/dontscrewthepooch/share/colcon-core/packages/dontscrewthepooch)
[7.759s] INFO:colcon.colcon_ros.task.ament_python.build:Building ROS package in '/home/acai0804/ys25_ws/src/mission_control' with build type 'ament_python'
[7.759s] Level 1:colcon.colcon_core.shell:create_environment_hook('mission_control', 'ament_prefix_path')
[7.760s] INFO:colcon.colcon_core.shell:Creating environment hook '/home/acai0804/ys25_ws/install/mission_control/share/mission_control/hook/ament_prefix_path.ps1'
[7.761s] INFO:colcon.colcon_core.shell:Creating environment descriptor '/home/acai0804/ys25_ws/install/mission_control/share/mission_control/hook/ament_prefix_path.dsv'
[7.762s] INFO:colcon.colcon_core.shell:Creating environment hook '/home/acai0804/ys25_ws/install/mission_control/share/mission_control/hook/ament_prefix_path.sh'
[7.763s] INFO:colcon.colcon_core.shell:Skip shell extension 'powershell' for command environment: Not usable outside of PowerShell
[7.763s] DEBUG:colcon.colcon_core.shell:Skip shell extension 'dsv' for command environment
[8.384s] INFO:colcon.colcon_core.task.python.build:Building Python package in '/home/acai0804/ys25_ws/src/mission_control'
[8.385s] INFO:colcon.colcon_core.shell:Skip shell extension 'powershell' for command environment: Not usable outside of PowerShell
[8.385s] DEBUG:colcon.colcon_core.shell:Skip shell extension 'dsv' for command environment
[9.152s] DEBUG:colcon.colcon_core.event_handler.log_command:Invoking command in '/home/acai0804/ys25_ws/src/mission_control': AMENT_PREFIX_PATH=/home/acai0804/ys25_ws/install/dontscrewthepooch:/home/acai0804/ys25_ws/install/mission_control:/home/acai0804/ys25_ws/install/px4_msgs:/opt/ros/humble PYTHONPATH=/home/acai0804/ys25_ws/build/mission_control/prefix_override:/usr/lib/python3/dist-packages/colcon_core/task/python/colcon_distutils_commands:/home/acai0804/ys25_ws/install/mission_control/lib/python3.10/site-packages:/home/acai0804/ys25_ws/install/dontscrewthepooch/lib/python3.10/site-packages:/home/acai0804/ys25_ws/install/mission_control/lib/python3.10/site-packages:/home/acai0804/ys25_ws/install/px4_msgs/local/lib/python3.10/dist-packages:/opt/ros/humble/lib/python3.10/site-packages:/opt/ros/humble/local/lib/python3.10/dist-packages /usr/bin/python3 -W ignore:setup.py install is deprecated -W ignore:easy_install command is deprecated setup.py egg_info --egg-base ../../build/mission_control build --build-base /home/acai0804/ys25_ws/build/mission_control/build install --record /home/acai0804/ys25_ws/build/mission_control/install.log --single-version-externally-managed install_data
[9.786s] Level 1:colcon.colcon_core.environment:checking '/home/acai0804/ys25_ws/install/mission_control' for CMake module files
[9.787s] DEBUG:colcon.colcon_core.event_handler.log_command:Invoked command in '/home/acai0804/ys25_ws/src/mission_control' returned '0': AMENT_PREFIX_PATH=/home/acai0804/ys25_ws/install/dontscrewthepooch:/home/acai0804/ys25_ws/install/mission_control:/home/acai0804/ys25_ws/install/px4_msgs:/opt/ros/humble PYTHONPATH=/home/acai0804/ys25_ws/build/mission_control/prefix_override:/usr/lib/python3/dist-packages/colcon_core/task/python/colcon_distutils_commands:/home/acai0804/ys25_ws/install/mission_control/lib/python3.10/site-packages:/home/acai0804/ys25_ws/install/dontscrewthepooch/lib/python3.10/site-packages:/home/acai0804/ys25_ws/install/mission_control/lib/python3.10/site-packages:/home/acai0804/ys25_ws/install/px4_msgs/local/lib/python3.10/dist-packages:/opt/ros/humble/lib/python3.10/site-packages:/opt/ros/humble/local/lib/python3.10/dist-packages /usr/bin/python3 -W ignore:setup.py install is deprecated -W ignore:easy_install command is deprecated setup.py egg_info --egg-base ../../build/mission_control build --build-base /home/acai0804/ys25_ws/build/mission_control/build install --record /home/acai0804/ys25_ws/build/mission_control/install.log --single-version-externally-managed install_data
[9.788s] Level 1:colcon.colcon_core.environment:checking '/home/acai0804/ys25_ws/install/mission_control' for CMake config files
[9.789s] Level 1:colcon.colcon_core.environment:checking '/home/acai0804/ys25_ws/install/mission_control/lib'
[9.790s] Level 1:colcon.colcon_core.environment:checking '/home/acai0804/ys25_ws/install/mission_control/bin'
[9.790s] Level 1:colcon.colcon_core.environment:checking '/home/acai0804/ys25_ws/install/mission_control/lib/pkgconfig/mission_control.pc'
[9.790s] Level 1:colcon.colcon_core.environment:checking '/home/acai0804/ys25_ws/install/mission_control/lib/python3.10/site-packages'
[9.791s] Level 1:colcon.colcon_core.shell:create_environment_hook('mission_control', 'pythonpath')
[9.791s] INFO:colcon.colcon_core.shell:Creating environment hook '/home/acai0804/ys25_ws/install/mission_control/share/mission_control/hook/pythonpath.ps1'
[9.792s] INFO:colcon.colcon_core.shell:Creating environment descriptor '/home/acai0804/ys25_ws/install/mission_control/share/mission_control/hook/pythonpath.dsv'
[9.793s] INFO:colcon.colcon_core.shell:Creating environment hook '/home/acai0804/ys25_ws/install/mission_control/share/mission_control/hook/pythonpath.sh'
[9.795s] Level 1:colcon.colcon_core.environment:checking '/home/acai0804/ys25_ws/install/mission_control/bin'
[9.795s] Level 1:colcon.colcon_core.environment:create_environment_scripts_only(mission_control)
[9.796s] INFO:colcon.colcon_core.shell:Creating package script '/home/acai0804/ys25_ws/install/mission_control/share/mission_control/package.ps1'
[9.797s] INFO:colcon.colcon_core.shell:Creating package descriptor '/home/acai0804/ys25_ws/install/mission_control/share/mission_control/package.dsv'
[9.799s] INFO:colcon.colcon_core.shell:Creating package script '/home/acai0804/ys25_ws/install/mission_control/share/mission_control/package.sh'
[9.800s] INFO:colcon.colcon_core.shell:Creating package script '/home/acai0804/ys25_ws/install/mission_control/share/mission_control/package.bash'
[9.801s] INFO:colcon.colcon_core.shell:Creating package script '/home/acai0804/ys25_ws/install/mission_control/share/mission_control/package.zsh'
[9.802s] Level 1:colcon.colcon_core.environment:create_file_with_runtime_dependencies(/home/acai0804/ys25_ws/install/mission_control/share/colcon-core/packages/mission_control)
[9.802s] DEBUG:colcon.colcon_parallel_executor.executor.parallel:closing loop
[9.802s] DEBUG:colcon.colcon_parallel_executor.executor.parallel:loop closed
[9.802s] DEBUG:colcon.colcon_parallel_executor.executor.parallel:run_until_complete finished with '0'
[9.803s] DEBUG:colcon.colcon_core.event_reactor:joining thread
[9.817s] INFO:colcon.colcon_core.plugin_system:Skipping extension 'colcon_notification.desktop_notification.terminal_notifier': Not used on non-Darwin systems
[9.817s] INFO:colcon.colcon_core.plugin_system:Skipping extension 'colcon_notification.desktop_notification.win32': Not used on non-Windows systems
[9.817s] INFO:colcon.colcon_notification.desktop_notification:Sending desktop notification using 'notify2'
[9.852s] DEBUG:colcon.colcon_core.event_reactor:joined thread
[9.853s] INFO:colcon.colcon_core.shell:Creating prefix script '/home/acai0804/ys25_ws/install/local_setup.ps1'
[9.856s] INFO:colcon.colcon_core.shell:Creating prefix util module '/home/acai0804/ys25_ws/install/_local_setup_util_ps1.py'
[9.859s] INFO:colcon.colcon_core.shell:Creating prefix chain script '/home/acai0804/ys25_ws/install/setup.ps1'
[9.861s] INFO:colcon.colcon_core.shell:Creating prefix script '/home/acai0804/ys25_ws/install/local_setup.sh'
[9.863s] INFO:colcon.colcon_core.shell:Creating prefix util module '/home/acai0804/ys25_ws/install/_local_setup_util_sh.py'
[9.864s] INFO:colcon.colcon_core.shell:Creating prefix chain script '/home/acai0804/ys25_ws/install/setup.sh'
[9.866s] INFO:colcon.colcon_core.shell:Creating prefix script '/home/acai0804/ys25_ws/install/local_setup.bash'
[9.867s] INFO:colcon.colcon_core.shell:Creating prefix chain script '/home/acai0804/ys25_ws/install/setup.bash'
[9.870s] INFO:colcon.colcon_core.shell:Creating prefix script '/home/acai0804/ys25_ws/install/local_setup.zsh'
[9.871s] INFO:colcon.colcon_core.shell:Creating prefix chain script '/home/acai0804/ys25_ws/install/setup.zsh'
