[0.776s] Invoking command in '/home/acai0804/ys25_ws/src/mission_control': AMENT_PREFIX_PATH=/home/acai0804/ys25_ws/install/dontscrewthepooch:/home/acai0804/ys25_ws/install/mission_control:/home/acai0804/ys25_ws/install/px4_msgs:/opt/ros/humble PYTHONPATH=/home/acai0804/ys25_ws/build/mission_control/prefix_override:/usr/lib/python3/dist-packages/colcon_core/task/python/colcon_distutils_commands:/home/acai0804/ys25_ws/install/mission_control/lib/python3.10/site-packages:/home/acai0804/ys25_ws/install/dontscrewthepooch/lib/python3.10/site-packages:/home/acai0804/ys25_ws/install/mission_control/lib/python3.10/site-packages:/home/acai0804/ys25_ws/install/px4_msgs/local/lib/python3.10/dist-packages:/opt/ros/humble/lib/python3.10/site-packages:/opt/ros/humble/local/lib/python3.10/dist-packages /usr/bin/python3 -W ignore:setup.py install is deprecated -W ignore:easy_install command is deprecated setup.py egg_info --egg-base ../../build/mission_control build --build-base /home/acai0804/ys25_ws/build/mission_control/build install --record /home/acai0804/ys25_ws/build/mission_control/install.log --single-version-externally-managed install_data
[1.024s] running egg_info
[1.024s] creating ../../build/mission_control/mission_control.egg-info
[1.042s] writing ../../build/mission_control/mission_control.egg-info/PKG-INFO
[1.042s] writing dependency_links to ../../build/mission_control/mission_control.egg-info/dependency_links.txt
[1.042s] writing entry points to ../../build/mission_control/mission_control.egg-info/entry_points.txt
[1.042s] writing requirements to ../../build/mission_control/mission_control.egg-info/requires.txt
[1.042s] writing top-level names to ../../build/mission_control/mission_control.egg-info/top_level.txt
[1.042s] writing manifest file '../../build/mission_control/mission_control.egg-info/SOURCES.txt'
[1.079s] reading manifest file '../../build/mission_control/mission_control.egg-info/SOURCES.txt'
[1.079s] adding license file 'LICENSE'
[1.079s] writing manifest file '../../build/mission_control/mission_control.egg-info/SOURCES.txt'
[1.079s] running build
[1.080s] running build_py
[1.080s] creating /home/acai0804/ys25_ws/build/mission_control/build
[1.080s] creating /home/acai0804/ys25_ws/build/mission_control/build/lib
[1.080s] creating /home/acai0804/ys25_ws/build/mission_control/build/lib/mission_control
[1.080s] copying mission_control/mission1.py -> /home/acai0804/ys25_ws/build/mission_control/build/lib/mission_control
[1.080s] copying mission_control/__init__.py -> /home/acai0804/ys25_ws/build/mission_control/build/lib/mission_control
[1.080s] copying mission_control/offboard_start.py -> /home/acai0804/ys25_ws/build/mission_control/build/lib/mission_control
[1.080s] copying mission_control/InitialCommands.py -> /home/acai0804/ys25_ws/build/mission_control/build/lib/mission_control
[1.080s] copying mission_control/visualizer.py -> /home/acai0804/ys25_ws/build/mission_control/build/lib/mission_control
[1.081s] running install
[1.086s] running install_lib
[1.105s] creating /home/acai0804/ys25_ws/install/mission_control/lib/python3.10/site-packages/mission_control
[1.105s] copying /home/acai0804/ys25_ws/build/mission_control/build/lib/mission_control/mission1.py -> /home/acai0804/ys25_ws/install/mission_control/lib/python3.10/site-packages/mission_control
[1.105s] copying /home/acai0804/ys25_ws/build/mission_control/build/lib/mission_control/__init__.py -> /home/acai0804/ys25_ws/install/mission_control/lib/python3.10/site-packages/mission_control
[1.105s] copying /home/acai0804/ys25_ws/build/mission_control/build/lib/mission_control/offboard_start.py -> /home/acai0804/ys25_ws/install/mission_control/lib/python3.10/site-packages/mission_control
[1.105s] copying /home/acai0804/ys25_ws/build/mission_control/build/lib/mission_control/InitialCommands.py -> /home/acai0804/ys25_ws/install/mission_control/lib/python3.10/site-packages/mission_control
[1.105s] copying /home/acai0804/ys25_ws/build/mission_control/build/lib/mission_control/visualizer.py -> /home/acai0804/ys25_ws/install/mission_control/lib/python3.10/site-packages/mission_control
[1.106s] byte-compiling /home/acai0804/ys25_ws/install/mission_control/lib/python3.10/site-packages/mission_control/mission1.py to mission1.cpython-310.pyc
[1.108s] byte-compiling /home/acai0804/ys25_ws/install/mission_control/lib/python3.10/site-packages/mission_control/__init__.py to __init__.cpython-310.pyc
[1.108s] byte-compiling /home/acai0804/ys25_ws/install/mission_control/lib/python3.10/site-packages/mission_control/offboard_start.py to offboard_start.cpython-310.pyc
[1.109s] byte-compiling /home/acai0804/ys25_ws/install/mission_control/lib/python3.10/site-packages/mission_control/InitialCommands.py to InitialCommands.cpython-310.pyc
[1.110s] byte-compiling /home/acai0804/ys25_ws/install/mission_control/lib/python3.10/site-packages/mission_control/visualizer.py to visualizer.cpython-310.pyc
[1.111s] running install_data
[1.111s] creating /home/acai0804/ys25_ws/install/mission_control/share/ament_index
[1.111s] creating /home/acai0804/ys25_ws/install/mission_control/share/ament_index/resource_index
[1.111s] creating /home/acai0804/ys25_ws/install/mission_control/share/ament_index/resource_index/packages
[1.111s] copying resource/mission_control -> /home/acai0804/ys25_ws/install/mission_control/share/ament_index/resource_index/packages
[1.111s] copying resource/visualize.rviz -> /home/acai0804/ys25_ws/install/mission_control/share/ament_index/resource_index/packages
[1.111s] copying package.xml -> /home/acai0804/ys25_ws/install/mission_control/share/mission_control
[1.111s] copying launch/missions.launch.py -> /home/acai0804/ys25_ws/install/mission_control/share/mission_control
[1.111s] copying resource/visualize.rviz -> /home/acai0804/ys25_ws/install/mission_control/share/mission_control
[1.112s] copying resource/test_clothoid_result.csv -> /home/acai0804/ys25_ws/install/mission_control/share/mission_control
[1.112s] running install_egg_info
[1.131s] Copying ../../build/mission_control/mission_control.egg-info to /home/acai0804/ys25_ws/install/mission_control/lib/python3.10/site-packages/mission_control-0.0.0-py3.10.egg-info
[1.132s] running install_scripts
[1.310s] Installing InitialCommands script to /home/acai0804/ys25_ws/install/mission_control/lib/mission_control
[1.310s] Installing mission1 script to /home/acai0804/ys25_ws/install/mission_control/lib/mission_control
[1.310s] Installing offboard_start script to /home/acai0804/ys25_ws/install/mission_control/lib/mission_control
[1.310s] Installing visualizer script to /home/acai0804/ys25_ws/install/mission_control/lib/mission_control
[1.310s] writing list of installed files to '/home/acai0804/ys25_ws/build/mission_control/install.log'
[1.335s] Invoked command in '/home/acai0804/ys25_ws/src/mission_control' returned '0': AMENT_PREFIX_PATH=/home/acai0804/ys25_ws/install/dontscrewthepooch:/home/acai0804/ys25_ws/install/mission_control:/home/acai0804/ys25_ws/install/px4_msgs:/opt/ros/humble PYTHONPATH=/home/acai0804/ys25_ws/build/mission_control/prefix_override:/usr/lib/python3/dist-packages/colcon_core/task/python/colcon_distutils_commands:/home/acai0804/ys25_ws/install/mission_control/lib/python3.10/site-packages:/home/acai0804/ys25_ws/install/dontscrewthepooch/lib/python3.10/site-packages:/home/acai0804/ys25_ws/install/mission_control/lib/python3.10/site-packages:/home/acai0804/ys25_ws/install/px4_msgs/local/lib/python3.10/dist-packages:/opt/ros/humble/lib/python3.10/site-packages:/opt/ros/humble/local/lib/python3.10/dist-packages /usr/bin/python3 -W ignore:setup.py install is deprecated -W ignore:easy_install command is deprecated setup.py egg_info --egg-base ../../build/mission_control build --build-base /home/acai0804/ys25_ws/build/mission_control/build install --record /home/acai0804/ys25_ws/build/mission_control/install.log --single-version-externally-managed install_data
