[1.242s] Invoking command in '/home/acai0804/ys25_ws/src/dontscrewthepooch': PYTHONPATH=/home/acai0804/ys25_ws/build/dontscrewthepooch/prefix_override:/usr/lib/python3/dist-packages/colcon_core/task/python/colcon_distutils_commands:/home/acai0804/ys25_ws/install/dontscrewthepooch/lib/python3.10/site-packages:${PYTHONPATH} /usr/bin/python3 -W ignore:setup.py install is deprecated -W ignore:easy_install command is deprecated setup.py egg_info --egg-base ../../build/dontscrewthepooch build --build-base /home/acai0804/ys25_ws/build/dontscrewthepooch/build install --record /home/acai0804/ys25_ws/build/dontscrewthepooch/install.log --single-version-externally-managed install_data
[1.626s] running egg_info
[1.651s] writing ../../build/dontscrewthepooch/dontscrewthepooch.egg-info/PKG-INFO
[1.652s] writing dependency_links to ../../build/dontscrewthepooch/dontscrewthepooch.egg-info/dependency_links.txt
[1.653s] writing entry points to ../../build/dontscrewthepooch/dontscrewthepooch.egg-info/entry_points.txt
[1.654s] writing requirements to ../../build/dontscrewthepooch/dontscrewthepooch.egg-info/requires.txt
[1.655s] writing top-level names to ../../build/dontscrewthepooch/dontscrewthepooch.egg-info/top_level.txt
[1.710s] reading manifest file '../../build/dontscrewthepooch/dontscrewthepooch.egg-info/SOURCES.txt'
[1.712s] writing manifest file '../../build/dontscrewthepooch/dontscrewthepooch.egg-info/SOURCES.txt'
[1.713s] running build
[1.713s] running build_py
[1.713s] running install
[1.723s] running install_lib
[1.753s] running install_data
[1.753s] running install_egg_info
[1.779s] removing '/home/acai0804/ys25_ws/install/dontscrewthepooch/lib/python3.10/site-packages/dontscrewthepooch-0.0.0-py3.10.egg-info' (and everything under it)
[1.780s] Copying ../../build/dontscrewthepooch/dontscrewthepooch.egg-info to /home/acai0804/ys25_ws/install/dontscrewthepooch/lib/python3.10/site-packages/dontscrewthepooch-0.0.0-py3.10.egg-info
[1.783s] running install_scripts
[2.055s] Installing command_give script to /home/acai0804/ys25_ws/install/dontscrewthepooch/lib/dontscrewthepooch
[2.056s] Installing goal_pose_to_traj_setpoint script to /home/acai0804/ys25_ws/install/dontscrewthepooch/lib/dontscrewthepooch
[2.056s] Installing tf2_map_to_odom script to /home/acai0804/ys25_ws/install/dontscrewthepooch/lib/dontscrewthepooch
[2.057s] writing list of installed files to '/home/acai0804/ys25_ws/build/dontscrewthepooch/install.log'
[2.105s] Invoked command in '/home/acai0804/ys25_ws/src/dontscrewthepooch' returned '0': PYTHONPATH=/home/acai0804/ys25_ws/build/dontscrewthepooch/prefix_override:/usr/lib/python3/dist-packages/colcon_core/task/python/colcon_distutils_commands:/home/acai0804/ys25_ws/install/dontscrewthepooch/lib/python3.10/site-packages:${PYTHONPATH} /usr/bin/python3 -W ignore:setup.py install is deprecated -W ignore:easy_install command is deprecated setup.py egg_info --egg-base ../../build/dontscrewthepooch build --build-base /home/acai0804/ys25_ws/build/dontscrewthepooch/build install --record /home/acai0804/ys25_ws/build/dontscrewthepooch/install.log --single-version-externally-managed install_data
