[0.874s] Invoking command in '/home/acai0804/ys25_ws/src/mission_control': AMENT_PREFIX_PATH=/home/acai0804/ys25_ws/install/dontscrewthepooch:/opt/ros/humble:/home/acai0804/ys25_ws/install/mission_control:/home/acai0804/ys25_ws/install/px4_msgs LD_LIBRARY_PATH=/home/acai0804/ys25_ws/install/px4_msgs/lib:/opt/ros/humble/opt/rviz_ogre_vendor/lib:/opt/ros/humble/lib/x86_64-linux-gnu:/opt/ros/humble/lib PYTHONPATH=/home/acai0804/ys25_ws/build/mission_control/prefix_override:/usr/lib/python3/dist-packages/colcon_core/task/python/colcon_distutils_commands:/home/acai0804/ys25_ws/install/mission_control/lib/python3.10/site-packages:/home/acai0804/ys25_ws/install/dontscrewthepooch/lib/python3.10/site-packages:/opt/ros/humble/lib/python3.10/site-packages:/opt/ros/humble/local/lib/python3.10/dist-packages:/home/acai0804/ys25_ws/install/mission_control/lib/python3.10/site-packages:/home/acai0804/ys25_ws/install/px4_msgs/local/lib/python3.10/dist-packages /usr/bin/python3 -W ignore:setup.py install is deprecated -W ignore:easy_install command is deprecated setup.py egg_info --egg-base ../../build/mission_control build --build-base /home/acai0804/ys25_ws/build/mission_control/build install --record /home/acai0804/ys25_ws/build/mission_control/install.log --single-version-externally-managed install_data
[1.161s] running egg_info
[1.180s] writing ../../build/mission_control/mission_control.egg-info/PKG-INFO
[1.180s] writing dependency_links to ../../build/mission_control/mission_control.egg-info/dependency_links.txt
[1.180s] writing entry points to ../../build/mission_control/mission_control.egg-info/entry_points.txt
[1.181s] writing requirements to ../../build/mission_control/mission_control.egg-info/requires.txt
[1.181s] writing top-level names to ../../build/mission_control/mission_control.egg-info/top_level.txt
[1.221s] reading manifest file '../../build/mission_control/mission_control.egg-info/SOURCES.txt'
[1.221s] adding license file 'LICENSE'
[1.222s] writing manifest file '../../build/mission_control/mission_control.egg-info/SOURCES.txt'
[1.222s] running build
[1.223s] running build_py
[1.223s] copying mission_control/offboard_start.py -> /home/acai0804/ys25_ws/build/mission_control/build/lib/mission_control
[1.223s] running install
[1.229s] running install_lib
[1.249s] copying /home/acai0804/ys25_ws/build/mission_control/build/lib/mission_control/offboard_start.py -> /home/acai0804/ys25_ws/install/mission_control/lib/python3.10/site-packages/mission_control
[1.250s] byte-compiling /home/acai0804/ys25_ws/install/mission_control/lib/python3.10/site-packages/mission_control/offboard_start.py to offboard_start.cpython-310.pyc
[1.252s] running install_data
[1.252s] running install_egg_info
[1.274s] removing '/home/acai0804/ys25_ws/install/mission_control/lib/python3.10/site-packages/mission_control-0.0.0-py3.10.egg-info' (and everything under it)
[1.274s] Copying ../../build/mission_control/mission_control.egg-info to /home/acai0804/ys25_ws/install/mission_control/lib/python3.10/site-packages/mission_control-0.0.0-py3.10.egg-info
[1.275s] running install_scripts
[1.466s] Installing InitialCommands script to /home/acai0804/ys25_ws/install/mission_control/lib/mission_control
[1.467s] Installing mission1 script to /home/acai0804/ys25_ws/install/mission_control/lib/mission_control
[1.467s] Installing offboard_start script to /home/acai0804/ys25_ws/install/mission_control/lib/mission_control
[1.467s] Installing visualizer script to /home/acai0804/ys25_ws/install/mission_control/lib/mission_control
[1.467s] writing list of installed files to '/home/acai0804/ys25_ws/build/mission_control/install.log'
[1.497s] Invoked command in '/home/acai0804/ys25_ws/src/mission_control' returned '0': AMENT_PREFIX_PATH=/home/acai0804/ys25_ws/install/dontscrewthepooch:/opt/ros/humble:/home/acai0804/ys25_ws/install/mission_control:/home/acai0804/ys25_ws/install/px4_msgs LD_LIBRARY_PATH=/home/acai0804/ys25_ws/install/px4_msgs/lib:/opt/ros/humble/opt/rviz_ogre_vendor/lib:/opt/ros/humble/lib/x86_64-linux-gnu:/opt/ros/humble/lib PYTHONPATH=/home/acai0804/ys25_ws/build/mission_control/prefix_override:/usr/lib/python3/dist-packages/colcon_core/task/python/colcon_distutils_commands:/home/acai0804/ys25_ws/install/mission_control/lib/python3.10/site-packages:/home/acai0804/ys25_ws/install/dontscrewthepooch/lib/python3.10/site-packages:/opt/ros/humble/lib/python3.10/site-packages:/opt/ros/humble/local/lib/python3.10/dist-packages:/home/acai0804/ys25_ws/install/mission_control/lib/python3.10/site-packages:/home/acai0804/ys25_ws/install/px4_msgs/local/lib/python3.10/dist-packages /usr/bin/python3 -W ignore:setup.py install is deprecated -W ignore:easy_install command is deprecated setup.py egg_info --egg-base ../../build/mission_control build --build-base /home/acai0804/ys25_ws/build/mission_control/build install --record /home/acai0804/ys25_ws/build/mission_control/install.log --single-version-externally-managed install_data
